#
# There is insufficient memory for the Java Runtime Environment to continue.
# Native memory allocation (malloc) failed to allocate 330896 bytes. Error detail: Chunk::new
# Possible reasons:
#   The system is out of physical RAM or swap space
#   This process is running with CompressedOops enabled, and the Java Heap may be blocking the growth of the native heap
# Possible solutions:
#   Reduce memory load on the system
#   Increase physical memory or swap space
#   Check if swap backing store is full
#   Decrease Java heap size (-Xmx/-Xms)
#   Decrease number of Java threads
#   Decrease Java thread stack sizes (-Xss)
#   Set larger code cache with -XX:ReservedCodeCacheSize=
#   JVM is running with Unscaled Compressed Oops mode in which the Java heap is
#     placed in the first 4GB address space. The Java Heap base address is the
#     maximum limit for the native heap growth. Please use -XX:HeapBaseMinAddress
#     to set the Java Heap base and to place the Java Heap above 4GB virtual address.
# This output file may be truncated or incomplete.
#
#  Out of Memory Error (arena.cpp:168), pid=1744, tid=29024
#
# JRE version: OpenJDK Runtime Environment Temurin-21.0.11+10 (21.0.11+10) (build 21.0.11+10-LTS)
# Java VM: OpenJDK 64-Bit Server VM Temurin-21.0.11+10 (21.0.11+10-LTS, mixed mode, sharing, tiered, compressed oops, compressed class ptrs, parallel gc, windows-amd64)
# No core dump will be written. Minidumps are not enabled by default on client versions of Windows
#

---------------  S U M M A R Y ------------

Command Line: --add-modules=ALL-SYSTEM --add-opens=java.base/java.util=ALL-UNNAMED --add-opens=java.base/java.lang=ALL-UNNAMED --add-opens=java.base/sun.nio.fs=ALL-UNNAMED -Declipse.application=org.eclipse.jdt.ls.core.id1 -Dosgi.bundles.defaultStartLevel=4 -Declipse.product=org.eclipse.jdt.ls.core.product -Djava.import.generatesMetadataFilesAtProjectRoot=false -DDetectVMInstallationsJob.disabled=true -Dfile.encoding=utf8 -XX:+UseParallelGC -XX:GCTimeRatio=4 -XX:AdaptiveSizePolicyWeight=90 -Dsun.zip.disableMemoryMapping=true -Xmx2G -Xms100m -Xlog:disable -javaagent:c:\Users\SHUBHKANT\.vscode\extensions\redhat.java-1.55.0-win32-x64\lombok\lombok-1.18.39-4050.jar c:\Users\SHUBHKANT\.vscode\extensions\redhat.java-1.55.0-win32-x64\server\plugins\org.eclipse.equinox.launcher_1.7.200.v20260619-2039.jar -configuration c:\Users\SHUBHKANT\AppData\Roaming\Code\User\globalStorage\redhat.java\1.55.0\config_ss_win -data c:\Users\SHUBHKANT\AppData\Roaming\Code\User\workspaceStorage\6c36482d2d0bd126daf0ec7bb4cc7ee6\redhat.java\ss_ws --pipe=\\.\pipe\lsp-f3203b9d284ac86208a045db96f74d6d-sock

Host: AMD Ryzen 7 6800H with Radeon Graphics         , 16 cores, 15G,  Windows 11 , 64 bit Build 26100 (10.0.26100.8737)
Time: Mon Jun 29 16:42:39 2026 India Standard Time elapsed time: 3.062402 seconds (0d 0h 0m 3s)

---------------  T H R E A D  ---------------

Current thread (0x0000021601b5b840):  JavaThread "C2 CompilerThread6" daemon [_thread_in_native, id=29024, stack(0x000000ccc0d00000,0x000000ccc0e00000) (1024K)]


Current CompileTask:
C2:3062 4446       4       org.eclipse.jdt.internal.core.JarPackageFragmentRoot::initRawPackageInfo (292 bytes)

Stack: [0x000000ccc0d00000,0x000000ccc0e00000]
Native frames: (J=compiled Java code, j=interpreted, Vv=VM code, C=native code)
V  [jvm.dll+0x6d7e19]
V  [jvm.dll+0x8b5096]
V  [jvm.dll+0x8b764e]
V  [jvm.dll+0x8b7d33]
V  [jvm.dll+0x284596]
V  [jvm.dll+0xc685d]
V  [jvm.dll+0xc6da1]
V  [jvm.dll+0x2fb4ee]
V  [jvm.dll+0x5fe9a4]
V  [jvm.dll+0x255d67]
V  [jvm.dll+0x24e2ca]
V  [jvm.dll+0x24bbe6]
V  [jvm.dll+0x1cb4ae]
V  [jvm.dll+0x25baad]
V  [jvm.dll+0x25a03a]
V  [jvm.dll+0x3f868e]
V  [jvm.dll+0x85fb0d]
V  [jvm.dll+0x6d664d]
C  [ucrtbase.dll+0x2cd30]
C  [KERNEL32.DLL+0x2e957]
C  [ntdll.dll+0xaad6c]


---------------  P R O C E S S  ---------------

Threads class SMR info:
_java_thread_list=0x00000216007d74b0, length=52, elements={
0x000002162045dbc0, 0x0000021620501150, 0x0000021620501d10, 0x00000216205075e0,
0x00000216205082c0, 0x000002162050c310, 0x000002162050f520, 0x0000021620511e30,
0x00000216793a7b50, 0x000002167946f8b0, 0x0000021679479ee0, 0x000002167954ad20,
0x000002167963b920, 0x00000216796c9600, 0x000002167970ebe0, 0x000002167f126a20,
0x000002167f7d5710, 0x00000216000a67f0, 0x000002167f4980b0, 0x000002167f49f360,
0x00000216001423b0, 0x000002160019f550, 0x00000216005c67d0, 0x00000216005c7840,
0x000002160060dab0, 0x000002160060d420, 0x000002160060e7d0, 0x000002160060e140,
0x00000216018f8030, 0x00000216018f79a0, 0x00000216018fa100, 0x00000216018fbb40,
0x00000216018f8d50, 0x00000216018f9a70, 0x00000216018f86c0, 0x00000216018fc1d0,
0x00000216018fb4b0, 0x00000216018fc860, 0x00000216018f93e0, 0x00000216018fa790,
0x00000216018fd580, 0x00000216018fcef0, 0x00000216018fdc10, 0x00000216018fe2a0,
0x00000216018fae20, 0x00000216018fe930, 0x00000216018fefc0, 0x00000216010199a0,
0x0000021600843ee0, 0x0000021601b5ad90, 0x0000021601b5b840, 0x0000021602435030
}

Java Threads: ( => current thread )
  0x000002162045dbc0 JavaThread "main"                              [_thread_blocked, id=21768, stack(0x000000ccbca00000,0x000000ccbcb00000) (1024K)]
  0x0000021620501150 JavaThread "Reference Handler"          daemon [_thread_blocked, id=30588, stack(0x000000ccbce00000,0x000000ccbcf00000) (1024K)]
  0x0000021620501d10 JavaThread "Finalizer"                  daemon [_thread_blocked, id=30460, stack(0x000000ccbcf00000,0x000000ccbd000000) (1024K)]
  0x00000216205075e0 JavaThread "Signal Dispatcher"          daemon [_thread_blocked, id=25788, stack(0x000000ccbd000000,0x000000ccbd100000) (1024K)]
  0x00000216205082c0 JavaThread "Attach Listener"            daemon [_thread_blocked, id=11364, stack(0x000000ccbd100000,0x000000ccbd200000) (1024K)]
  0x000002162050c310 JavaThread "Service Thread"             daemon [_thread_blocked, id=15856, stack(0x000000ccbd200000,0x000000ccbd300000) (1024K)]
  0x000002162050f520 JavaThread "Monitor Deflation Thread"   daemon [_thread_blocked, id=19240, stack(0x000000ccbd300000,0x000000ccbd400000) (1024K)]
  0x0000021620511e30 JavaThread "C2 CompilerThread0"         daemon [_thread_in_native, id=16832, stack(0x000000ccbd400000,0x000000ccbd500000) (1024K)]
  0x00000216793a7b50 JavaThread "C1 CompilerThread0"         daemon [_thread_in_native, id=30304, stack(0x000000ccbd500000,0x000000ccbd600000) (1024K)]
  0x000002167946f8b0 JavaThread "C1 CompilerThread1"         daemon [_thread_in_native, id=14232, stack(0x000000ccbd600000,0x000000ccbd700000) (1024K)]
  0x0000021679479ee0 JavaThread "C1 CompilerThread2"         daemon [_thread_in_vm, id=17016, stack(0x000000ccbd700000,0x000000ccbd800000) (1024K)]
  0x000002167954ad20 JavaThread "C2 CompilerThread1"         daemon [_thread_in_native, id=9624, stack(0x000000ccbd800000,0x000000ccbd900000) (1024K)]
  0x000002167963b920 JavaThread "Common-Cleaner"             daemon [_thread_blocked, id=24748, stack(0x000000ccbd900000,0x000000ccbda00000) (1024K)]
  0x00000216796c9600 JavaThread "C1 CompilerThread3"         daemon [_thread_in_native, id=6164, stack(0x000000ccbda00000,0x000000ccbdb00000) (1024K)]
  0x000002167970ebe0 JavaThread "Notification Thread"        daemon [_thread_blocked, id=29268, stack(0x000000ccbdb00000,0x000000ccbdc00000) (1024K)]
  0x000002167f126a20 JavaThread "C2 CompilerThread2"         daemon [_thread_in_native, id=1924, stack(0x000000ccbdc00000,0x000000ccbdd00000) (1024K)]
  0x000002167f7d5710 JavaThread "C2 CompilerThread3"         daemon [_thread_in_native, id=25000, stack(0x000000ccbdd00000,0x000000ccbde00000) (1024K)]
  0x00000216000a67f0 JavaThread "Active Thread: Equinox Container: 1bceefbb-7070-48ea-abc9-3ea3074a31ac"        [_thread_blocked, id=30228, stack(0x000000ccbe400000,0x000000ccbe500000) (1024K)]
  0x000002167f4980b0 JavaThread "Framework Event Dispatcher: Equinox Container: 1bceefbb-7070-48ea-abc9-3ea3074a31ac" daemon [_thread_blocked, id=14024, stack(0x000000ccbe600000,0x000000ccbe700000) (1024K)]
  0x000002167f49f360 JavaThread "Start Level: Equinox Container: 1bceefbb-7070-48ea-abc9-3ea3074a31ac" daemon [_thread_blocked, id=3788, stack(0x000000ccbe700000,0x000000ccbe800000) (1024K)]
  0x00000216001423b0 JavaThread "SCR Component Actor"        daemon [_thread_blocked, id=9428, stack(0x000000ccbe800000,0x000000ccbe900000) (1024K)]
  0x000002160019f550 JavaThread "Worker-JM"                         [_thread_blocked, id=15212, stack(0x000000ccbe900000,0x000000ccbea00000) (1024K)]
  0x00000216005c67d0 JavaThread "JNA Cleaner"                daemon [_thread_blocked, id=7404, stack(0x000000ccbec00000,0x000000ccbed00000) (1024K)]
  0x00000216005c7840 JavaThread "Worker-0"                          [_thread_blocked, id=10492, stack(0x000000ccbed00000,0x000000ccbee00000) (1024K)]
  0x000002160060dab0 JavaThread "Worker-1"                          [_thread_blocked, id=18056, stack(0x000000ccbee00000,0x000000ccbef00000) (1024K)]
  0x000002160060d420 JavaThread "Thread-1"                   daemon [_thread_in_native, id=6628, stack(0x000000ccbf400000,0x000000ccbf500000) (1024K)]
  0x000002160060e7d0 JavaThread "Thread-2"                   daemon [_thread_in_native, id=21116, stack(0x000000ccbf500000,0x000000ccbf600000) (1024K)]
  0x000002160060e140 JavaThread "Thread-3"                   daemon [_thread_in_native, id=12864, stack(0x000000ccbf600000,0x000000ccbf700000) (1024K)]
  0x00000216018f8030 JavaThread "Thread-4"                   daemon [_thread_in_native, id=28952, stack(0x000000ccbf700000,0x000000ccbf800000) (1024K)]
  0x00000216018f79a0 JavaThread "Thread-5"                   daemon [_thread_in_native, id=27228, stack(0x000000ccbf800000,0x000000ccbf900000) (1024K)]
  0x00000216018fa100 JavaThread "Thread-6"                   daemon [_thread_in_native, id=13328, stack(0x000000ccbf900000,0x000000ccbfa00000) (1024K)]
  0x00000216018fbb40 JavaThread "Thread-7"                   daemon [_thread_in_native, id=12052, stack(0x000000ccbfa00000,0x000000ccbfb00000) (1024K)]
  0x00000216018f8d50 JavaThread "Thread-8"                   daemon [_thread_in_native, id=7232, stack(0x000000ccbfb00000,0x000000ccbfc00000) (1024K)]
  0x00000216018f9a70 JavaThread "Thread-9"                   daemon [_thread_in_native, id=9156, stack(0x000000ccbfc00000,0x000000ccbfd00000) (1024K)]
  0x00000216018f86c0 JavaThread "Thread-10"                  daemon [_thread_in_native, id=27452, stack(0x000000ccbfd00000,0x000000ccbfe00000) (1024K)]
  0x00000216018fc1d0 JavaThread "Thread-11"                  daemon [_thread_in_native, id=24284, stack(0x000000ccbfe00000,0x000000ccbff00000) (1024K)]
  0x00000216018fb4b0 JavaThread "Thread-12"                  daemon [_thread_in_native, id=17760, stack(0x000000ccbff00000,0x000000ccc0000000) (1024K)]
  0x00000216018fc860 JavaThread "Thread-13"                  daemon [_thread_in_native, id=24840, stack(0x000000ccc0000000,0x000000ccc0100000) (1024K)]
  0x00000216018f93e0 JavaThread "Thread-14"                  daemon [_thread_in_native, id=12648, stack(0x000000ccc0100000,0x000000ccc0200000) (1024K)]
  0x00000216018fa790 JavaThread "Thread-15"                  daemon [_thread_in_native, id=20852, stack(0x000000ccc0200000,0x000000ccc0300000) (1024K)]
  0x00000216018fd580 JavaThread "Thread-16"                  daemon [_thread_in_native, id=22064, stack(0x000000ccc0300000,0x000000ccc0400000) (1024K)]
  0x00000216018fcef0 JavaThread "Thread-17"                  daemon [_thread_in_native, id=16296, stack(0x000000ccc0400000,0x000000ccc0500000) (1024K)]
  0x00000216018fdc10 JavaThread "pool-2-thread-1"                   [_thread_blocked, id=14012, stack(0x000000ccc0500000,0x000000ccc0600000) (1024K)]
  0x00000216018fe2a0 JavaThread "Worker-2"                          [_thread_blocked, id=19916, stack(0x000000ccc0600000,0x000000ccc0700000) (1024K)]
  0x00000216018fae20 JavaThread "WorkspaceEventsHandler"            [_thread_blocked, id=12600, stack(0x000000ccc0700000,0x000000ccc0800000) (1024K)]
  0x00000216018fe930 JavaThread "pool-1-thread-1"                   [_thread_blocked, id=20808, stack(0x000000ccc0800000,0x000000ccc0900000) (1024K)]
  0x00000216018fefc0 JavaThread "ForkJoinPool.commonPool-worker-1" daemon [_thread_in_vm, id=13324, stack(0x000000ccc0900000,0x000000ccc0a00000) (1024K)]
  0x00000216010199a0 JavaThread "ForkJoinPool.commonPool-worker-2" daemon [_thread_in_Java, id=12812, stack(0x000000ccc0a00000,0x000000ccc0b00000) (1024K)]
  0x0000021600843ee0 JavaThread "C2 CompilerThread4"         daemon [_thread_in_native, id=16424, stack(0x000000ccc0b00000,0x000000ccc0c00000) (1024K)]
  0x0000021601b5ad90 JavaThread "C2 CompilerThread5"         daemon [_thread_in_native, id=2640, stack(0x000000ccc0c00000,0x000000ccc0d00000) (1024K)]
=>0x0000021601b5b840 JavaThread "C2 CompilerThread6"         daemon [_thread_in_native, id=29024, stack(0x000000ccc0d00000,0x000000ccc0e00000) (1024K)]
  0x0000021602435030 JavaThread "C2 CompilerThread7"         daemon [_thread_in_native, id=7960, stack(0x000000ccc0e00000,0x000000ccc0f00000) (1024K)]
Total: 52

Other Threads:
  0x0000021636ef4100 VMThread "VM Thread"                           [id=22664, stack(0x000000ccbcd00000,0x000000ccbce00000) (1024K)]
  0x0000021636deca10 WatcherThread "VM Periodic Task Thread"        [id=25664, stack(0x000000ccbcc00000,0x000000ccbcd00000) (1024K)]
  0x000002162047c330 WorkerThread "GC Thread#0"                     [id=4852, stack(0x000000ccbcb00000,0x000000ccbcc00000) (1024K)]
  0x000002167f72b080 WorkerThread "GC Thread#1"                     [id=4804, stack(0x000000ccbde00000,0x000000ccbdf00000) (1024K)]
  0x000002167f2dabe0 WorkerThread "GC Thread#2"                     [id=2004, stack(0x000000ccbdf00000,0x000000ccbe000000) (1024K)]
  0x000002167f45a0a0 WorkerThread "GC Thread#3"                     [id=4404, stack(0x000000ccbe000000,0x000000ccbe100000) (1024K)]
  0x000002167f45a450 WorkerThread "GC Thread#4"                     [id=18548, stack(0x000000ccbe100000,0x000000ccbe200000) (1024K)]
  0x000002167f45a800 WorkerThread "GC Thread#5"                     [id=28236, stack(0x000000ccbe200000,0x000000ccbe300000) (1024K)]
  0x000002167f58b130 WorkerThread "GC Thread#6"                     [id=26152, stack(0x000000ccbe300000,0x000000ccbe400000) (1024K)]
  0x000002160024af40 WorkerThread "GC Thread#7"                     [id=22612, stack(0x000000ccbe500000,0x000000ccbe600000) (1024K)]
  0x0000021600556200 WorkerThread "GC Thread#8"                     [id=10556, stack(0x000000ccbea00000,0x000000ccbeb00000) (1024K)]
  0x00000216003ef280 WorkerThread "GC Thread#9"                     [id=20604, stack(0x000000ccbeb00000,0x000000ccbec00000) (1024K)]
  0x00000216009d90f0 WorkerThread "GC Thread#10"                    [id=22712, stack(0x000000ccbef00000,0x000000ccbf000000) (1024K)]
  0x00000216009da360 WorkerThread "GC Thread#11"                    [id=21916, stack(0x000000ccbf000000,0x000000ccbf100000) (1024K)]
  0x00000216009da710 WorkerThread "GC Thread#12"                    [id=26868, stack(0x000000ccbf100000,0x000000ccbf200000) (1024K)]
Total: 15

Threads with active compile tasks:
C2 CompilerThread0  3090 4445 %     4       org.eclipse.jdt.internal.core.util.Util::splitOn @ 37 (134 bytes)
C1 CompilerThread0  3090 4564       2       org.eclipse.jdt.internal.core.Openable::getResource (37 bytes)
C1 CompilerThread1  3090 4565       2       java.lang.invoke.LambdaForm$MH/0x00000216383a7000::guard (98 bytes)
C1 CompilerThread2  3091 4566       2       sun.nio.fs.WindowsPath::getParent (5 bytes)
C2 CompilerThread1  3091 3902       4       org.eclipse.osgi.internal.loader.BundleLoader::addExportedProvidersFor (167 bytes)
C1 CompilerThread3  3091 4567       2       sun.nio.fs.WindowsPath::compareTo (118 bytes)
C2 CompilerThread2  3091 3921       4       java.lang.invoke.MethodType::makeImpl (109 bytes)
C2 CompilerThread3  3091 4547       4       org.eclipse.jdt.internal.compiler.classfmt.ClassFileStruct::utf8At (171 bytes)
C2 CompilerThread4  3091 4311   !   4       java.nio.file.FileTreeWalker::next (144 bytes)
C2 CompilerThread5  3091 4284       4       jdk.internal.jimage.ImageLocation::getFullName (109 bytes)
C2 CompilerThread6  3091 4446       4       org.eclipse.jdt.internal.core.JarPackageFragmentRoot::initRawPackageInfo (292 bytes)
C2 CompilerThread7  3091 4436       4       org.eclipse.jdt.internal.core.util.WeakHashSet::cleanupGarbageCollectedValues (144 bytes)
Total: 12

VM state: not at safepoint (normal execution)

VM Mutex/Monitor currently owned by a thread: None

Heap address: 0x0000000080000000, size: 2048 MB, Compressed Oops mode: 32-bit

CDS archive(s) mapped at: [0x0000021637000000-0x0000021637ba0000-0x0000021637ba0000), size 12189696, SharedBaseAddress: 0x0000021637000000, ArchiveRelocationMode: 1.
Compressed class space mapped at: 0x0000021638000000-0x0000021678000000, reserved size: 1073741824
Narrow klass base: 0x0000021637000000, Narrow klass shift: 0, Narrow klass range: 0x100000000

GC Precious Log:
 CardTable entry size: 512
 CPUs: 16 total, 16 available
 Memory: 15557M
 Large Page Support: Disabled
 NUMA Support: Disabled
 Compressed Oops: Enabled (32-bit)
 Alignments: Space 512K, Generation 512K, Heap 2M
 Heap Min Capacity: 100M
 Heap Initial Capacity: 100M
 Heap Max Capacity: 2G
 Pre-touch: Disabled
 Parallel Workers: 13

Heap:
 PSYoungGen      total 23552K, used 22843K [0x00000000d5580000, 0x00000000d6f80000, 0x0000000100000000)
  eden space 20992K, 98% used [0x00000000d5580000,0x00000000d69c5d60,0x00000000d6a00000)
  from space 2560K, 81% used [0x00000000d6d00000,0x00000000d6f09000,0x00000000d6f80000)
  to   space 2560K, 0% used [0x00000000d6a00000,0x00000000d6a00000,0x00000000d6c80000)
 ParOldGen       total 68608K, used 22542K [0x0000000080000000, 0x0000000084300000, 0x00000000d5580000)
  object space 68608K, 32% used [0x0000000080000000,0x0000000081603ab0,0x0000000084300000)
 Metaspace       used 32817K, committed 33792K, reserved 1114112K
  class space    used 3341K, committed 3776K, reserved 1048576K

Card table byte_map: [0x000002161fe00000,0x0000021620210000] _byte_map_base: 0x000002161fa00000

Marking Bits: (ParMarkBitMap*) 0x00007ffb0d6e4460
 Begin Bits: [0x0000021632910000, 0x0000021634910000)
 End Bits:   [0x0000021634910000, 0x0000021636910000)

Polling page: 0x000002161e530000

Metaspace:

Usage:
  Non-class:     28.79 MB used.
      Class:      3.26 MB used.
       Both:     32.05 MB used.

Virtual space:
  Non-class space:       64.00 MB reserved,      29.31 MB ( 46%) committed,  1 nodes.
      Class space:        1.00 GB reserved,       3.69 MB ( <1%) committed,  1 nodes.
             Both:        1.06 GB reserved,      33.00 MB (  3%) committed. 

Chunk freelists:
   Non-Class:  1.86 MB
       Class:  12.30 MB
        Both:  14.16 MB

MaxMetaspaceSize: unlimited
CompressedClassSpaceSize: 1.00 GB
Initial GC threshold: 21.00 MB
Current GC threshold: 35.00 MB
CDS: on
 - commit_granule_bytes: 65536.
 - commit_granule_words: 8192.
 - virtual_space_node_default_size: 8388608.
 - enlarge_chunks_in_place: 1.
 - use_allocation_guard: 0.


Internal statistics:

num_allocs_failed_limit: 3.
num_arena_births: 766.
num_arena_deaths: 14.
num_vsnodes_births: 2.
num_vsnodes_deaths: 0.
num_space_committed: 529.
num_space_uncommitted: 0.
num_chunks_returned_to_freelist: 17.
num_chunks_taken_from_freelist: 2148.
num_chunk_merges: 9.
num_chunk_splits: 1357.
num_chunks_enlarged: 789.
num_inconsistent_stats: 0.

CodeHeap 'non-profiled nmethods': size=119168Kb used=2080Kb max_used=2080Kb free=117087Kb
 bounds [0x000002162b200000, 0x000002162b470000, 0x0000021632660000]
CodeHeap 'profiled nmethods': size=119104Kb used=9016Kb max_used=9016Kb free=110087Kb
 bounds [0x0000021623660000, 0x0000021623f30000, 0x000002162aab0000]
CodeHeap 'non-nmethods': size=7488Kb used=3045Kb max_used=3095Kb free=4442Kb
 bounds [0x000002162aab0000, 0x000002162adc0000, 0x000002162b200000]
CodeCache: size=245760Kb, used=14141Kb, max_used=14191Kb, free=231616Kb
 total_blobs=5167, nmethods=4514, adapters=556, full_count=0
Compilation: enabled, stopped_count=0, restarted_count=0

Compilation events (20 events):
Event: 3.049 Thread 0x000002167f7d5710 nmethod 4435 0x000002162b3fd490 code [0x000002162b3fd620, 0x000002162b3fd6b0]
Event: 3.050 Thread 0x000002167f7d5710 4406       4       jdk.internal.jrtfs.JrtFileAttributes::isDirectory (8 bytes)
Event: 3.053 Thread 0x000002167946f8b0 4496       1       java.lang.invoke.MethodHandleImpl$CountingWrapper::getTarget (5 bytes)
Event: 3.054 Thread 0x000002167946f8b0 nmethod 4496 0x000002162b3fd790 code [0x000002162b3fd920, 0x000002162b3fd9e8]
Event: 3.054 Thread 0x00000216793a7b50 4498       2       org.eclipse.jdt.internal.core.JavaProject::getPerProjectInfo (11 bytes)
Event: 3.054 Thread 0x00000216796c9600 4499       2       org.eclipse.jdt.internal.core.JavaModelManager::getPerProjectInfoCheckExistence (38 bytes)
Event: 3.054 Thread 0x0000021679479ee0 4500       2       java.lang.invoke.Invokers$Holder::invokeExact_MT (24 bytes)
Event: 3.054 Thread 0x000002167946f8b0 4501       2       java.lang.invoke.LambdaForm$MH/0x00000216380b4400::invoke (35 bytes)
Event: 3.054 Thread 0x00000216793a7b50 nmethod 4498 0x0000021623f17590 code [0x0000021623f17740, 0x0000021623f17888]
Event: 3.055 Thread 0x0000021679479ee0 nmethod 4500 0x0000021623f17990 code [0x0000021623f17b60, 0x0000021623f17d80]
Event: 3.055 Thread 0x00000216793a7b50 4502       2       java.lang.invoke.LambdaForm$MH/0x000002163801fc00::invoke (110 bytes)
Event: 3.055 Thread 0x000002167f7d5710 nmethod 4406 0x000002162b3fda90 code [0x000002162b3fdc20, 0x000002162b3fdcd0]
Event: 3.055 Thread 0x00000216796c9600 nmethod 4499 0x0000021623f17f90 code [0x0000021623f181a0, 0x0000021623f18590]
Event: 3.055 Thread 0x000002167946f8b0 nmethod 4501 0x0000021623f18810 code [0x0000021623f189e0, 0x0000021623f18bf0]
Event: 3.055 Thread 0x0000021679479ee0 4503       2       java.lang.invoke.LambdaForm$MH/0x000002163801f400::invoke (46 bytes)
Event: 3.055 Thread 0x000002167946f8b0 4504   !   2       java.lang.Class::getEnumConstantsShared (71 bytes)
Event: 3.055 Thread 0x00000216793a7b50 nmethod 4502 0x0000021623f18d90 code [0x0000021623f18fa0, 0x0000021623f19368]
Event: 3.056 Thread 0x0000021679479ee0 nmethod 4503 0x0000021623f19690 code [0x0000021623f19860, 0x0000021623f19a78]
Event: 3.056 Thread 0x000002167f7d5710 4495   !   4       java.lang.ref.ReferenceQueue::poll (40 bytes)
Event: 3.057 Thread 0x000002167946f8b0 nmethod 4504 0x0000021623f19c10 code [0x0000021623f19e80, 0x0000021623f1a5b8]

GC Heap History (20 events):
Event: 1.781 GC heap before
{Heap before GC invocations=6 (full 0):
 PSYoungGen      total 29184K, used 11589K [0x00000000d5580000, 0x00000000d7800000, 0x0000000100000000)
  eden space 25088K, 29% used [0x00000000d5580000,0x00000000d5cd4978,0x00000000d6e00000)
  from space 4096K, 99% used [0x00000000d6e80000,0x00000000d727cb28,0x00000000d7280000)
  to   space 5120K, 0% used [0x00000000d7300000,0x00000000d7300000,0x00000000d7800000)
 ParOldGen       total 68608K, used 4695K [0x0000000080000000, 0x0000000084300000, 0x00000000d5580000)
  object space 68608K, 6% used [0x0000000080000000,0x0000000080495ce0,0x0000000084300000)
 Metaspace       used 20873K, committed 21504K, reserved 1114112K
  class space    used 2073K, committed 2368K, reserved 1048576K
}
Event: 1.783 GC heap after
{Heap after GC invocations=6 (full 0):
 PSYoungGen      total 29696K, used 4520K [0x00000000d5580000, 0x00000000d7780000, 0x0000000100000000)
  eden space 25088K, 0% used [0x00000000d5580000,0x00000000d5580000,0x00000000d6e00000)
  from space 4608K, 98% used [0x00000000d7300000,0x00000000d776a1f8,0x00000000d7780000)
  to   space 4608K, 0% used [0x00000000d6e80000,0x00000000d6e80000,0x00000000d7300000)
 ParOldGen       total 68608K, used 4703K [0x0000000080000000, 0x0000000084300000, 0x00000000d5580000)
  object space 68608K, 6% used [0x0000000080000000,0x0000000080497ce0,0x0000000084300000)
 Metaspace       used 20873K, committed 21504K, reserved 1114112K
  class space    used 2073K, committed 2368K, reserved 1048576K
}
Event: 1.783 GC heap before
{Heap before GC invocations=7 (full 1):
 PSYoungGen      total 29696K, used 4520K [0x00000000d5580000, 0x00000000d7780000, 0x0000000100000000)
  eden space 25088K, 0% used [0x00000000d5580000,0x00000000d5580000,0x00000000d6e00000)
  from space 4608K, 98% used [0x00000000d7300000,0x00000000d776a1f8,0x00000000d7780000)
  to   space 4608K, 0% used [0x00000000d6e80000,0x00000000d6e80000,0x00000000d7300000)
 ParOldGen       total 68608K, used 4703K [0x0000000080000000, 0x0000000084300000, 0x00000000d5580000)
  object space 68608K, 6% used [0x0000000080000000,0x0000000080497ce0,0x0000000084300000)
 Metaspace       used 20873K, committed 21504K, reserved 1114112K
  class space    used 2073K, committed 2368K, reserved 1048576K
}
Event: 1.803 GC heap after
{Heap after GC invocations=7 (full 1):
 PSYoungGen      total 29696K, used 0K [0x00000000d5580000, 0x00000000d7780000, 0x0000000100000000)
  eden space 25088K, 0% used [0x00000000d5580000,0x00000000d5580000,0x00000000d6e00000)
  from space 4608K, 0% used [0x00000000d7300000,0x00000000d7300000,0x00000000d7780000)
  to   space 4608K, 0% used [0x00000000d6e80000,0x00000000d6e80000,0x00000000d7300000)
 ParOldGen       total 68608K, used 8842K [0x0000000080000000, 0x0000000084300000, 0x00000000d5580000)
  object space 68608K, 12% used [0x0000000080000000,0x00000000808a29b8,0x0000000084300000)
 Metaspace       used 20860K, committed 21504K, reserved 1114112K
  class space    used 2070K, committed 2368K, reserved 1048576K
}
Event: 2.009 GC heap before
{Heap before GC invocations=8 (full 1):
 PSYoungGen      total 29696K, used 25088K [0x00000000d5580000, 0x00000000d7780000, 0x0000000100000000)
  eden space 25088K, 100% used [0x00000000d5580000,0x00000000d6e00000,0x00000000d6e00000)
  from space 4608K, 0% used [0x00000000d7300000,0x00000000d7300000,0x00000000d7780000)
  to   space 4608K, 0% used [0x00000000d6e80000,0x00000000d6e80000,0x00000000d7300000)
 ParOldGen       total 68608K, used 8842K [0x0000000080000000, 0x0000000084300000, 0x00000000d5580000)
  object space 68608K, 12% used [0x0000000080000000,0x00000000808a29b8,0x0000000084300000)
 Metaspace       used 23100K, committed 23808K, reserved 1114112K
  class space    used 2245K, committed 2560K, reserved 1048576K
}
Event: 2.011 GC heap after
{Heap after GC invocations=8 (full 1):
 PSYoungGen      total 27136K, used 2422K [0x00000000d5580000, 0x00000000d7480000, 0x0000000100000000)
  eden space 24576K, 0% used [0x00000000d5580000,0x00000000d5580000,0x00000000d6d80000)
  from space 2560K, 94% used [0x00000000d6e80000,0x00000000d70dd808,0x00000000d7100000)
  to   space 3584K, 0% used [0x00000000d7100000,0x00000000d7100000,0x00000000d7480000)
 ParOldGen       total 68608K, used 8850K [0x0000000080000000, 0x0000000084300000, 0x00000000d5580000)
  object space 68608K, 12% used [0x0000000080000000,0x00000000808a49b8,0x0000000084300000)
 Metaspace       used 23100K, committed 23808K, reserved 1114112K
  class space    used 2245K, committed 2560K, reserved 1048576K
}
Event: 2.313 GC heap before
{Heap before GC invocations=9 (full 1):
 PSYoungGen      total 27136K, used 26998K [0x00000000d5580000, 0x00000000d7480000, 0x0000000100000000)
  eden space 24576K, 100% used [0x00000000d5580000,0x00000000d6d80000,0x00000000d6d80000)
  from space 2560K, 94% used [0x00000000d6e80000,0x00000000d70dd808,0x00000000d7100000)
  to   space 3584K, 0% used [0x00000000d7100000,0x00000000d7100000,0x00000000d7480000)
 ParOldGen       total 68608K, used 8850K [0x0000000080000000, 0x0000000084300000, 0x00000000d5580000)
  object space 68608K, 12% used [0x0000000080000000,0x00000000808a49b8,0x0000000084300000)
 Metaspace       used 26817K, committed 27648K, reserved 1114112K
  class space    used 2636K, committed 2944K, reserved 1048576K
}
Event: 2.315 GC heap after
{Heap after GC invocations=9 (full 1):
 PSYoungGen      total 26624K, used 3577K [0x00000000d5580000, 0x00000000d7700000, 0x0000000100000000)
  eden space 23040K, 0% used [0x00000000d5580000,0x00000000d5580000,0x00000000d6c00000)
  from space 3584K, 99% used [0x00000000d7100000,0x00000000d747e4a0,0x00000000d7480000)
  to   space 5120K, 0% used [0x00000000d6c00000,0x00000000d6c00000,0x00000000d7100000)
 ParOldGen       total 68608K, used 9783K [0x0000000080000000, 0x0000000084300000, 0x00000000d5580000)
  object space 68608K, 14% used [0x0000000080000000,0x000000008098ded8,0x0000000084300000)
 Metaspace       used 26817K, committed 27648K, reserved 1114112K
  class space    used 2636K, committed 2944K, reserved 1048576K
}
Event: 2.538 GC heap before
{Heap before GC invocations=10 (full 1):
 PSYoungGen      total 26624K, used 26617K [0x00000000d5580000, 0x00000000d7700000, 0x0000000100000000)
  eden space 23040K, 100% used [0x00000000d5580000,0x00000000d6c00000,0x00000000d6c00000)
  from space 3584K, 99% used [0x00000000d7100000,0x00000000d747e4a0,0x00000000d7480000)
  to   space 5120K, 0% used [0x00000000d6c00000,0x00000000d6c00000,0x00000000d7100000)
 ParOldGen       total 68608K, used 9783K [0x0000000080000000, 0x0000000084300000, 0x00000000d5580000)
  object space 68608K, 14% used [0x0000000080000000,0x000000008098ded8,0x0000000084300000)
 Metaspace       used 30018K, committed 30848K, reserved 1114112K
  class space    used 3011K, committed 3392K, reserved 1048576K
}
Event: 2.540 GC heap after
{Heap after GC invocations=10 (full 1):
 PSYoungGen      total 27648K, used 5073K [0x00000000d5580000, 0x00000000d7680000, 0x0000000100000000)
  eden space 22528K, 0% used [0x00000000d5580000,0x00000000d5580000,0x00000000d6b80000)
  from space 5120K, 99% used [0x00000000d6c00000,0x00000000d70f46d0,0x00000000d7100000)
  to   space 5632K, 0% used [0x00000000d7100000,0x00000000d7100000,0x00000000d7680000)
 ParOldGen       total 68608K, used 9791K [0x0000000080000000, 0x0000000084300000, 0x00000000d5580000)
  object space 68608K, 14% used [0x0000000080000000,0x000000008098fed8,0x0000000084300000)
 Metaspace       used 30018K, committed 30848K, reserved 1114112K
  class space    used 3011K, committed 3392K, reserved 1048576K
}
Event: 2.801 GC heap before
{Heap before GC invocations=11 (full 1):
 PSYoungGen      total 27648K, used 27601K [0x00000000d5580000, 0x00000000d7680000, 0x0000000100000000)
  eden space 22528K, 100% used [0x00000000d5580000,0x00000000d6b80000,0x00000000d6b80000)
  from space 5120K, 99% used [0x00000000d6c00000,0x00000000d70f46d0,0x00000000d7100000)
  to   space 5632K, 0% used [0x00000000d7100000,0x00000000d7100000,0x00000000d7680000)
 ParOldGen       total 68608K, used 9791K [0x0000000080000000, 0x0000000084300000, 0x00000000d5580000)
  object space 68608K, 14% used [0x0000000080000000,0x000000008098fed8,0x0000000084300000)
 Metaspace       used 32264K, committed 33280K, reserved 1114112K
  class space    used 3264K, committed 3712K, reserved 1048576K
}
Event: 2.804 GC heap after
{Heap after GC invocations=11 (full 1):
 PSYoungGen      total 25088K, used 2942K [0x00000000d5580000, 0x00000000d7400000, 0x0000000100000000)
  eden space 22016K, 0% used [0x00000000d5580000,0x00000000d5580000,0x00000000d6b00000)
  from space 3072K, 95% used [0x00000000d7100000,0x00000000d73df848,0x00000000d7400000)
  to   space 4096K, 0% used [0x00000000d6c00000,0x00000000d6c00000,0x00000000d7000000)
 ParOldGen       total 68608K, used 13321K [0x0000000080000000, 0x0000000084300000, 0x00000000d5580000)
  object space 68608K, 19% used [0x0000000080000000,0x0000000080d02570,0x0000000084300000)
 Metaspace       used 32264K, committed 33280K, reserved 1114112K
  class space    used 3264K, committed 3712K, reserved 1048576K
}
Event: 2.851 GC heap before
{Heap before GC invocations=12 (full 1):
 PSYoungGen      total 25088K, used 24958K [0x00000000d5580000, 0x00000000d7400000, 0x0000000100000000)
  eden space 22016K, 100% used [0x00000000d5580000,0x00000000d6b00000,0x00000000d6b00000)
  from space 3072K, 95% used [0x00000000d7100000,0x00000000d73df848,0x00000000d7400000)
  to   space 4096K, 0% used [0x00000000d6c00000,0x00000000d6c00000,0x00000000d7000000)
 ParOldGen       total 68608K, used 13321K [0x0000000080000000, 0x0000000084300000, 0x00000000d5580000)
  object space 68608K, 19% used [0x0000000080000000,0x0000000080d02570,0x0000000084300000)
 Metaspace       used 32266K, committed 33280K, reserved 1114112K
  class space    used 3264K, committed 3712K, reserved 1048576K
}
Event: 2.853 GC heap after
{Heap after GC invocations=12 (full 1):
 PSYoungGen      total 24576K, used 2112K [0x00000000d5580000, 0x00000000d7180000, 0x0000000100000000)
  eden space 22016K, 0% used [0x00000000d5580000,0x00000000d5580000,0x00000000d6b00000)
  from space 2560K, 82% used [0x00000000d6c00000,0x00000000d6e10010,0x00000000d6e80000)
  to   space 2560K, 0% used [0x00000000d6f00000,0x00000000d6f00000,0x00000000d7180000)
 ParOldGen       total 68608K, used 16099K [0x0000000080000000, 0x0000000084300000, 0x00000000d5580000)
  object space 68608K, 23% used [0x0000000080000000,0x0000000080fb8e90,0x0000000084300000)
 Metaspace       used 32266K, committed 33280K, reserved 1114112K
  class space    used 3264K, committed 3712K, reserved 1048576K
}
Event: 2.990 GC heap before
{Heap before GC invocations=13 (full 1):
 PSYoungGen      total 24576K, used 24128K [0x00000000d5580000, 0x00000000d7180000, 0x0000000100000000)
  eden space 22016K, 100% used [0x00000000d5580000,0x00000000d6b00000,0x00000000d6b00000)
  from space 2560K, 82% used [0x00000000d6c00000,0x00000000d6e10010,0x00000000d6e80000)
  to   space 2560K, 0% used [0x00000000d6f00000,0x00000000d6f00000,0x00000000d7180000)
 ParOldGen       total 68608K, used 16099K [0x0000000080000000, 0x0000000084300000, 0x00000000d5580000)
  object space 68608K, 23% used [0x0000000080000000,0x0000000080fb8e90,0x0000000084300000)
 Metaspace       used 32715K, committed 33664K, reserved 1114112K
  class space    used 3337K, committed 3776K, reserved 1048576K
}
Event: 2.992 GC heap after
{Heap after GC invocations=13 (full 1):
 PSYoungGen      total 23552K, used 2530K [0x00000000d5580000, 0x00000000d7500000, 0x0000000100000000)
  eden space 20992K, 0% used [0x00000000d5580000,0x00000000d5580000,0x00000000d6a00000)
  from space 2560K, 98% used [0x00000000d6f00000,0x00000000d7178860,0x00000000d7180000)
  to   space 5120K, 0% used [0x00000000d6a00000,0x00000000d6a00000,0x00000000d6f00000)
 ParOldGen       total 68608K, used 18059K [0x0000000080000000, 0x0000000084300000, 0x00000000d5580000)
  object space 68608K, 26% used [0x0000000080000000,0x00000000811a2e90,0x0000000084300000)
 Metaspace       used 32715K, committed 33664K, reserved 1114112K
  class space    used 3337K, committed 3776K, reserved 1048576K
}
Event: 3.021 GC heap before
{Heap before GC invocations=14 (full 1):
 PSYoungGen      total 23552K, used 23522K [0x00000000d5580000, 0x00000000d7500000, 0x0000000100000000)
  eden space 20992K, 99% used [0x00000000d5580000,0x00000000d69ffff0,0x00000000d6a00000)
  from space 2560K, 98% used [0x00000000d6f00000,0x00000000d7178860,0x00000000d7180000)
  to   space 5120K, 0% used [0x00000000d6a00000,0x00000000d6a00000,0x00000000d6f00000)
 ParOldGen       total 68608K, used 18059K [0x0000000080000000, 0x0000000084300000, 0x00000000d5580000)
  object space 68608K, 26% used [0x0000000080000000,0x00000000811a2e90,0x0000000084300000)
 Metaspace       used 32734K, committed 33728K, reserved 1114112K
  class space    used 3338K, committed 3776K, reserved 1048576K
}
Event: 3.023 GC heap after
{Heap after GC invocations=14 (full 1):
 PSYoungGen      total 23552K, used 2176K [0x00000000d5580000, 0x00000000d7000000, 0x0000000100000000)
  eden space 20992K, 0% used [0x00000000d5580000,0x00000000d5580000,0x00000000d6a00000)
  from space 2560K, 85% used [0x00000000d6a00000,0x00000000d6c20000,0x00000000d6c80000)
  to   space 3072K, 0% used [0x00000000d6d00000,0x00000000d6d00000,0x00000000d7000000)
 ParOldGen       total 68608K, used 20513K [0x0000000080000000, 0x0000000084300000, 0x00000000d5580000)
  object space 68608K, 29% used [0x0000000080000000,0x0000000081408720,0x0000000084300000)
 Metaspace       used 32734K, committed 33728K, reserved 1114112K
  class space    used 3338K, committed 3776K, reserved 1048576K
}
Event: 3.050 GC heap before
{Heap before GC invocations=15 (full 1):
 PSYoungGen      total 23552K, used 23168K [0x00000000d5580000, 0x00000000d7000000, 0x0000000100000000)
  eden space 20992K, 100% used [0x00000000d5580000,0x00000000d6a00000,0x00000000d6a00000)
  from space 2560K, 85% used [0x00000000d6a00000,0x00000000d6c20000,0x00000000d6c80000)
  to   space 3072K, 0% used [0x00000000d6d00000,0x00000000d6d00000,0x00000000d7000000)
 ParOldGen       total 68608K, used 20513K [0x0000000080000000, 0x0000000084300000, 0x00000000d5580000)
  object space 68608K, 29% used [0x0000000080000000,0x0000000081408720,0x0000000084300000)
 Metaspace       used 32748K, committed 33728K, reserved 1114112K
  class space    used 3338K, committed 3776K, reserved 1048576K
}
Event: 3.052 GC heap after
{Heap after GC invocations=15 (full 1):
 PSYoungGen      total 23552K, used 2084K [0x00000000d5580000, 0x00000000d6f80000, 0x0000000100000000)
  eden space 20992K, 0% used [0x00000000d5580000,0x00000000d5580000,0x00000000d6a00000)
  from space 2560K, 81% used [0x00000000d6d00000,0x00000000d6f09000,0x00000000d6f80000)
  to   space 2560K, 0% used [0x00000000d6a00000,0x00000000d6a00000,0x00000000d6c80000)
 ParOldGen       total 68608K, used 22542K [0x0000000080000000, 0x0000000084300000, 0x00000000d5580000)
  object space 68608K, 32% used [0x0000000080000000,0x0000000081603ab0,0x0000000084300000)
 Metaspace       used 32748K, committed 33728K, reserved 1114112K
  class space    used 3338K, committed 3776K, reserved 1048576K
}

Dll operation events (10 events):
Event: 0.008 Loaded shared library c:\Users\SHUBHKANT\.vscode\extensions\redhat.java-1.55.0-win32-x64\jre\21.0.11-win32-x86_64\bin\java.dll
Event: 0.047 Loaded shared library c:\Users\SHUBHKANT\.vscode\extensions\redhat.java-1.55.0-win32-x64\jre\21.0.11-win32-x86_64\bin\zip.dll
Event: 0.062 Loaded shared library C:\Users\SHUBHKANT\.vscode\extensions\redhat.java-1.55.0-win32-x64\jre\21.0.11-win32-x86_64\bin\instrument.dll
Event: 0.065 Loaded shared library C:\Users\SHUBHKANT\.vscode\extensions\redhat.java-1.55.0-win32-x64\jre\21.0.11-win32-x86_64\bin\net.dll
Event: 0.067 Loaded shared library C:\Users\SHUBHKANT\.vscode\extensions\redhat.java-1.55.0-win32-x64\jre\21.0.11-win32-x86_64\bin\nio.dll
Event: 0.069 Loaded shared library C:\Users\SHUBHKANT\.vscode\extensions\redhat.java-1.55.0-win32-x64\jre\21.0.11-win32-x86_64\bin\zip.dll
Event: 0.080 Loaded shared library C:\Users\SHUBHKANT\.vscode\extensions\redhat.java-1.55.0-win32-x64\jre\21.0.11-win32-x86_64\bin\jimage.dll
Event: 0.138 Loaded shared library c:\Users\SHUBHKANT\.vscode\extensions\redhat.java-1.55.0-win32-x64\jre\21.0.11-win32-x86_64\bin\verify.dll
Event: 0.888 Loaded shared library C:\Users\SHUBHKANT\AppData\Roaming\Code\User\globalStorage\redhat.java\1.55.0\config_ss_win\org.eclipse.equinox.launcher\org.eclipse.equinox.launcher.win32.win32.x86_64_1.3.100.v20260613-0559\eclipse_11924.dll
Event: 1.481 Loaded shared library C:\Users\SHUBHKANT\AppData\Local\Temp\jna-1320145794\jna8609014775457753392.dll

Deoptimization events (20 events):
Event: 3.031 Thread 0x00000216018fe930 DEOPT PACKING pc=0x0000021623ef3b57 sp=0x000000ccc08fca50
Event: 3.031 Thread 0x00000216018fe930 DEOPT UNPACKING pc=0x000002162ab04242 sp=0x000000ccc08fbf38 mode 0
Event: 3.032 Thread 0x00000216018fe930 DEOPT PACKING pc=0x0000021623ef3b57 sp=0x000000ccc08fca50
Event: 3.032 Thread 0x00000216018fe930 DEOPT UNPACKING pc=0x000002162ab04242 sp=0x000000ccc08fbf38 mode 0
Event: 3.038 Thread 0x00000216018fe930 DEOPT PACKING pc=0x0000021623ef3b57 sp=0x000000ccc08fca50
Event: 3.038 Thread 0x00000216018fe930 DEOPT UNPACKING pc=0x000002162ab04242 sp=0x000000ccc08fbf38 mode 0
Event: 3.040 Thread 0x00000216018fe930 DEOPT PACKING pc=0x0000021623ef3b57 sp=0x000000ccc08fca20
Event: 3.040 Thread 0x00000216018fe930 DEOPT UNPACKING pc=0x000002162ab04242 sp=0x000000ccc08fbf08 mode 0
Event: 3.045 Thread 0x00000216010199a0 DEOPT PACKING pc=0x0000021623ef3b57 sp=0x000000ccc0afd330
Event: 3.045 Thread 0x00000216010199a0 DEOPT UNPACKING pc=0x000002162ab04242 sp=0x000000ccc0afc818 mode 0
Event: 3.047 Thread 0x00000216010199a0 DEOPT PACKING pc=0x0000021623ef3b57 sp=0x000000ccc0afd330
Event: 3.047 Thread 0x00000216010199a0 DEOPT UNPACKING pc=0x000002162ab04242 sp=0x000000ccc0afc818 mode 0
Event: 3.048 Thread 0x00000216010199a0 DEOPT PACKING pc=0x0000021623ef3b57 sp=0x000000ccc0afd330
Event: 3.048 Thread 0x00000216010199a0 DEOPT UNPACKING pc=0x000002162ab04242 sp=0x000000ccc0afc818 mode 0
Event: 3.052 Thread 0x00000216010199a0 DEOPT PACKING pc=0x0000021623ef3b57 sp=0x000000ccc0afd330
Event: 3.052 Thread 0x00000216010199a0 DEOPT UNPACKING pc=0x000002162ab04242 sp=0x000000ccc0afc818 mode 0
Event: 3.055 Thread 0x00000216010199a0 DEOPT PACKING pc=0x0000021623ef3b57 sp=0x000000ccc0afd330
Event: 3.055 Thread 0x00000216010199a0 DEOPT UNPACKING pc=0x000002162ab04242 sp=0x000000ccc0afc818 mode 0
Event: 3.059 Thread 0x00000216010199a0 DEOPT PACKING pc=0x0000021623ef3b57 sp=0x000000ccc0afd300
Event: 3.059 Thread 0x00000216010199a0 DEOPT UNPACKING pc=0x000002162ab04242 sp=0x000000ccc0afc7e8 mode 0

Classes loaded (20 events):
Event: 2.770 Loading class java/lang/invoke/MethodHandleImpl$Makers
Event: 2.770 Loading class java/lang/invoke/MethodHandleImpl$Makers done
Event: 2.770 Loading class java/lang/invoke/MethodHandleImpl$Makers$1
Event: 2.770 Loading class java/lang/invoke/MethodHandleImpl$Makers$1 done
Event: 2.770 Loading class java/lang/invoke/MethodHandleImpl$Makers$2
Event: 2.770 Loading class java/lang/invoke/MethodHandleImpl$Makers$2 done
Event: 2.770 Loading class java/lang/invoke/MethodHandleImpl$Makers$3
Event: 2.770 Loading class java/lang/invoke/MethodHandleImpl$Makers$3 done
Event: 2.777 Loading class java/lang/runtime/ObjectMethods$1
Event: 2.777 Loading class java/lang/runtime/ObjectMethods$1 done
Event: 2.898 Loading class java/lang/invoke/MethodHandleImpl$CountingWrapper
Event: 2.899 Loading class java/lang/invoke/MethodHandleImpl$CountingWrapper done
Event: 2.915 Loading class java/util/AbstractList$ListItr
Event: 2.916 Loading class java/util/AbstractList$ListItr done
Event: 2.928 Loading class java/util/concurrent/locks/ReentrantReadWriteLock$Sync$HoldCounter
Event: 2.928 Loading class java/util/concurrent/locks/ReentrantReadWriteLock$Sync$HoldCounter done
Event: 2.950 Loading class java/nio/channels/Channels$ReadableByteChannelImpl
Event: 2.950 Loading class java/nio/channels/Channels$ReadableByteChannelImpl done
Event: 2.953 Loading class java/nio/channels/NonWritableChannelException
Event: 2.953 Loading class java/nio/channels/NonWritableChannelException done

Classes unloaded (7 events):
Event: 1.785 Thread 0x0000021636ef4100 Unloading class 0x0000021638194c00 'java/lang/invoke/LambdaForm$MH+0x0000021638194c00'
Event: 1.785 Thread 0x0000021636ef4100 Unloading class 0x0000021638194800 'java/lang/invoke/LambdaForm$MH+0x0000021638194800'
Event: 1.785 Thread 0x0000021636ef4100 Unloading class 0x0000021638194400 'java/lang/invoke/LambdaForm$MH+0x0000021638194400'
Event: 1.785 Thread 0x0000021636ef4100 Unloading class 0x0000021638194000 'java/lang/invoke/LambdaForm$MH+0x0000021638194000'
Event: 1.785 Thread 0x0000021636ef4100 Unloading class 0x0000021638193c00 'java/lang/invoke/LambdaForm$BMH+0x0000021638193c00'
Event: 1.785 Thread 0x0000021636ef4100 Unloading class 0x0000021638193800 'java/lang/invoke/LambdaForm$DMH+0x0000021638193800'
Event: 1.785 Thread 0x0000021636ef4100 Unloading class 0x0000021638192400 'java/lang/invoke/LambdaForm$DMH+0x0000021638192400'

Classes redefined (0 events):
No events

Internal exceptions (20 events):
Event: 2.769 Thread 0x00000216018fefc0 Exception <a 'java/lang/NoSuchMethodError'{0x00000000d6785688}: 'java.lang.Object java.lang.invoke.Invokers$Holder.invoke_MT(java.lang.Object, java.lang.Object, java.lang.Object, java.lang.Object, java.lang.Object, java.lang.Object, java.lang.Object, java.lang.Object, java.lang.Object, java.lang.Object)'> (0x00000000d6785688) 
thrown [s\src\hotspot\share\interpreter\linkResolver.cpp, line 773]
Event: 2.769 Thread 0x00000216018fe930 Exception <a 'java/lang/NoSuchMethodError'{0x00000000d6788938}: 'java.lang.Object java.lang.invoke.Invokers$Holder.invoke_MT(java.lang.Object, java.lang.Object, java.lang.Object, java.lang.Object, java.lang.Object, java.lang.Object, java.lang.Object, java.lang.Object, java.lang.Object, java.lang.Object)'> (0x00000000d6788938) 
thrown [s\src\hotspot\share\interpreter\linkResolver.cpp, line 773]
Event: 2.777 Thread 0x00000216010199a0 Exception <a 'java/lang/NoSuchMethodError'{0x00000000d681dee8}: 'int java.lang.invoke.DirectMethodHandle$Holder.invokeVirtual(java.lang.Object, java.lang.Object, java.lang.Object)'> (0x00000000d681dee8) 
thrown [s\src\hotspot\share\interpreter\linkResolver.cpp, line 773]
Event: 2.778 Thread 0x00000216010199a0 Exception <a 'java/lang/NoSuchMethodError'{0x00000000d6822290}: 'int java.lang.invoke.DirectMethodHandle$Holder.invokeStaticInit(java.lang.Object, int, int)'> (0x00000000d6822290) 
thrown [s\src\hotspot\share\interpreter\linkResolver.cpp, line 773]
Event: 2.779 Thread 0x00000216010199a0 Exception <a 'java/lang/NoSuchMethodError'{0x00000000d6829c98}: 'int java.lang.invoke.DirectMethodHandle$Holder.invokeStaticInit(java.lang.Object, long, long)'> (0x00000000d6829c98) 
thrown [s\src\hotspot\share\interpreter\linkResolver.cpp, line 773]
Event: 2.780 Thread 0x00000216010199a0 Exception <a 'java/lang/NoSuchMethodError'{0x00000000d6830c48}: 'int java.lang.invoke.DirectMethodHandle$Holder.invokeStaticInit(java.lang.Object, float, float)'> (0x00000000d6830c48) 
thrown [s\src\hotspot\share\interpreter\linkResolver.cpp, line 773]
Event: 2.782 Thread 0x00000216010199a0 Exception <a 'java/lang/NoSuchMethodError'{0x00000000d6837be0}: 'int java.lang.invoke.DirectMethodHandle$Holder.invokeStaticInit(java.lang.Object, double, double)'> (0x00000000d6837be0) 
thrown [s\src\hotspot\share\interpreter\linkResolver.cpp, line 773]
Event: 2.782 Thread 0x00000216010199a0 Exception <a 'java/lang/NoSuchMethodError'{0x00000000d683c668}: 'int java.lang.invoke.DirectMethodHandle$Holder.invokeStatic(java.lang.Object, long)'> (0x00000000d683c668) 
thrown [s\src\hotspot\share\interpreter\linkResolver.cpp, line 773]
Event: 2.787 Thread 0x00000216018fe930 Exception <a 'java/lang/NoSuchMethodError'{0x00000000d6863cd8}: 'int java.lang.invoke.Invokers$Holder.linkToTargetMethod(java.lang.Object, java.lang.Object)'> (0x00000000d6863cd8) 
thrown [s\src\hotspot\share\interpreter\linkResolver.cpp, line 773]
Event: 2.787 Thread 0x00000216010199a0 Exception <a 'java/lang/NoSuchMethodError'{0x00000000d6881b20}: 'int java.lang.invoke.Invokers$Holder.linkToTargetMethod(java.lang.Object, java.lang.Object)'> (0x00000000d6881b20) 
thrown [s\src\hotspot\share\interpreter\linkResolver.cpp, line 773]
Event: 2.787 Thread 0x00000216018fefc0 Exception <a 'java/lang/NoSuchMethodError'{0x00000000d687f508}: 'int java.lang.invoke.Invokers$Holder.linkToTargetMethod(java.lang.Object, java.lang.Object)'> (0x00000000d687f508) 
thrown [s\src\hotspot\share\interpreter\linkResolver.cpp, line 773]
Event: 2.892 Thread 0x00000216018fe930 Exception <a 'java/lang/NoSuchMethodError'{0x00000000d5ce7f58}: 'int java.lang.invoke.DirectMethodHandle$Holder.invokeSpecial(java.lang.Object, java.lang.Object, java.lang.Object, java.lang.Object)'> (0x00000000d5ce7f58) 
thrown [s\src\hotspot\share\interpreter\linkResolver.cpp, line 773]
Event: 2.892 Thread 0x00000216010199a0 Exception <a 'java/lang/NoSuchMethodError'{0x00000000d5d03ac0}: 'int java.lang.invoke.DirectMethodHandle$Holder.invokeSpecial(java.lang.Object, java.lang.Object, java.lang.Object, java.lang.Object)'> (0x00000000d5d03ac0) 
thrown [s\src\hotspot\share\interpreter\linkResolver.cpp, line 773]
Event: 2.896 Thread 0x00000216018fe930 Exception <a 'java/lang/NoSuchMethodError'{0x00000000d5cf58b8}: 'java.lang.Object java.lang.invoke.DirectMethodHandle$Holder.invokeStatic(java.lang.Object, int, java.lang.Object, java.lang.Object)'> (0x00000000d5cf58b8) 
thrown [s\src\hotspot\share\interpreter\linkResolver.cpp, line 773]
Event: 2.896 Thread 0x00000216010199a0 Exception <a 'java/lang/NoSuchMethodError'{0x00000000d5d107a0}: 'java.lang.Object java.lang.invoke.DirectMethodHandle$Holder.invokeStatic(java.lang.Object, int, java.lang.Object, java.lang.Object)'> (0x00000000d5d107a0) 
thrown [s\src\hotspot\share\interpreter\linkResolver.cpp, line 773]
Event: 2.897 Thread 0x00000216010199a0 Exception <a 'java/lang/NoSuchMethodError'{0x00000000d5d14250}: 'java.lang.Object java.lang.invoke.DelegatingMethodHandle$Holder.delegate(java.lang.Object, int, java.lang.Object, java.lang.Object)'> (0x00000000d5d14250) 
thrown [s\src\hotspot\share\interpreter\linkResolver.cpp, line 773]
Event: 2.897 Thread 0x00000216018fe930 Exception <a 'java/lang/NoSuchMethodError'{0x00000000d5cf9170}: 'java.lang.Object java.lang.invoke.DelegatingMethodHandle$Holder.delegate(java.lang.Object, int, java.lang.Object, java.lang.Object)'> (0x00000000d5cf9170) 
thrown [s\src\hotspot\share\interpreter\linkResolver.cpp, line 773]
Event: 2.901 Thread 0x00000216010199a0 Implicit null exception at 0x000002162b3cfc76 to 0x000002162b3cffac
Event: 2.906 Thread 0x00000216018fe930 Exception <a 'java/lang/NoSuchMethodError'{0x00000000d5d6f778}: 'int java.lang.invoke.Invokers$Holder.linkToTargetMethod(java.lang.Object, java.lang.Object, java.lang.Object)'> (0x00000000d5d6f778) 
thrown [s\src\hotspot\share\interpreter\linkResolver.cpp, line 773]
Event: 2.906 Thread 0x00000216010199a0 Exception <a 'java/lang/NoSuchMethodError'{0x00000000d5d53258}: 'int java.lang.invoke.Invokers$Holder.linkToTargetMethod(java.lang.Object, java.lang.Object, java.lang.Object)'> (0x00000000d5d53258) 
thrown [s\src\hotspot\share\interpreter\linkResolver.cpp, line 773]

ZGC Phase Switch (0 events):
No events

VM Operations (20 events):
Event: 2.538 Executing safepoint VM operation: ParallelGCFailedAllocation (Allocation Failure)
Event: 2.540 Executing safepoint VM operation: ParallelGCFailedAllocation (Allocation Failure) done
Event: 2.667 Executing non-safepoint VM operation: HandshakeAllThreads (Deoptimize)
Event: 2.667 Executing non-safepoint VM operation: HandshakeAllThreads (Deoptimize) done
Event: 2.671 Executing non-safepoint VM operation: HandshakeAllThreads (Deoptimize)
Event: 2.672 Executing non-safepoint VM operation: HandshakeAllThreads (Deoptimize) done
Event: 2.698 Executing non-safepoint VM operation: HandshakeAllThreads (Deoptimize)
Event: 2.698 Executing non-safepoint VM operation: HandshakeAllThreads (Deoptimize) done
Event: 2.698 Executing non-safepoint VM operation: HandshakeAllThreads (Deoptimize)
Event: 2.698 Executing non-safepoint VM operation: HandshakeAllThreads (Deoptimize) done
Event: 2.801 Executing safepoint VM operation: ParallelGCFailedAllocation (Allocation Failure)
Event: 2.804 Executing safepoint VM operation: ParallelGCFailedAllocation (Allocation Failure) done
Event: 2.851 Executing safepoint VM operation: ParallelGCFailedAllocation (Allocation Failure)
Event: 2.853 Executing safepoint VM operation: ParallelGCFailedAllocation (Allocation Failure) done
Event: 2.990 Executing safepoint VM operation: ParallelGCFailedAllocation (Allocation Failure)
Event: 2.992 Executing safepoint VM operation: ParallelGCFailedAllocation (Allocation Failure) done
Event: 3.021 Executing safepoint VM operation: ParallelGCFailedAllocation (Allocation Failure)
Event: 3.023 Executing safepoint VM operation: ParallelGCFailedAllocation (Allocation Failure) done
Event: 3.050 Executing safepoint VM operation: ParallelGCFailedAllocation (Allocation Failure)
Event: 3.052 Executing safepoint VM operation: ParallelGCFailedAllocation (Allocation Failure) done

Memory protections (0 events):
No events

Nmethod flushes (0 events):
No events

Events (20 events):
Event: 2.262 Thread 0x000002162045dbc0 Thread added: 0x00000216018f8d50
Event: 2.262 Thread 0x000002162045dbc0 Thread added: 0x00000216018f9a70
Event: 2.262 Thread 0x000002162045dbc0 Thread added: 0x00000216018f86c0
Event: 2.263 Thread 0x000002162045dbc0 Thread added: 0x00000216018fc1d0
Event: 2.263 Thread 0x000002162045dbc0 Thread added: 0x00000216018fb4b0
Event: 2.263 Thread 0x000002162045dbc0 Thread added: 0x00000216018fc860
Event: 2.263 Thread 0x000002162045dbc0 Thread added: 0x00000216018f93e0
Event: 2.263 Thread 0x000002162045dbc0 Thread added: 0x00000216018fa790
Event: 2.263 Thread 0x000002162045dbc0 Thread added: 0x00000216018fd580
Event: 2.263 Thread 0x000002162045dbc0 Thread added: 0x00000216018fcef0
Event: 2.287 Thread 0x000002162045dbc0 Thread added: 0x00000216018fdc10
Event: 2.386 Thread 0x000002160060dab0 Thread added: 0x00000216018fe2a0
Event: 2.447 Thread 0x000002162045dbc0 Thread added: 0x00000216018fae20
Event: 2.447 Thread 0x000002162045dbc0 Thread added: 0x00000216018fe930
Event: 2.624 Thread 0x00000216018fe930 Thread added: 0x00000216018fefc0
Event: 2.626 Thread 0x00000216018fe930 Thread added: 0x00000216010199a0
Event: 2.829 Thread 0x000002167f7d5710 Thread added: 0x0000021600843ee0
Event: 2.829 Thread 0x000002167f7d5710 Thread added: 0x0000021601b5ad90
Event: 2.843 Thread 0x0000021600843ee0 Thread added: 0x0000021601b5b840
Event: 2.846 Thread 0x0000021679479ee0 Thread added: 0x0000021602435030


Dynamic libraries:
0x00007ff7e98a0000 - 0x00007ff7e98ae000 	c:\Users\SHUBHKANT\.vscode\extensions\redhat.java-1.55.0-win32-x64\jre\21.0.11-win32-x86_64\bin\java.exe
0x00007ffc01040000 - 0x00007ffc012a6000 	C:\WINDOWS\SYSTEM32\ntdll.dll
0x00007ffc000a0000 - 0x00007ffc00169000 	C:\WINDOWS\System32\KERNEL32.DLL
0x00007ffbfe7f0000 - 0x00007ffbfebf0000 	C:\WINDOWS\System32\KERNELBASE.dll
0x00007ffbfe420000 - 0x00007ffbfe56c000 	C:\WINDOWS\System32\ucrtbase.dll
0x00007ffbf5220000 - 0x00007ffbf5238000 	c:\Users\SHUBHKANT\.vscode\extensions\redhat.java-1.55.0-win32-x64\jre\21.0.11-win32-x86_64\bin\jli.dll
0x00007ffbef390000 - 0x00007ffbef3ae000 	c:\Users\SHUBHKANT\.vscode\extensions\redhat.java-1.55.0-win32-x64\jre\21.0.11-win32-x86_64\bin\VCRUNTIME140.dll
0x00007ffbffcf0000 - 0x00007ffbffeb7000 	C:\WINDOWS\System32\USER32.dll
0x00007ffbfe580000 - 0x00007ffbfe5a7000 	C:\WINDOWS\System32\win32u.dll
0x00007ffbd7910000 - 0x00007ffbd7ba2000 	C:\WINDOWS\WinSxS\amd64_microsoft.windows.common-controls_6595b64144ccf1df_6.0.26100.8737_none_3e092eaee333b772\COMCTL32.dll
0x00007ffc00f20000 - 0x00007ffc00f4b000 	C:\WINDOWS\System32\GDI32.dll
0x00007ffc00270000 - 0x00007ffc00319000 	C:\WINDOWS\System32\msvcrt.dll
0x00007ffbfe2f0000 - 0x00007ffbfe419000 	C:\WINDOWS\System32\gdi32full.dll
0x00007ffbfecc0000 - 0x00007ffbfed63000 	C:\WINDOWS\System32\msvcp_win.dll
0x00007ffc00cb0000 - 0x00007ffc00ce2000 	C:\WINDOWS\System32\IMM32.DLL
0x00007ffbfaa30000 - 0x00007ffbfaa3c000 	c:\Users\SHUBHKANT\.vscode\extensions\redhat.java-1.55.0-win32-x64\jre\21.0.11-win32-x86_64\bin\vcruntime140_1.dll
0x00007ffbc9630000 - 0x00007ffbc96bd000 	c:\Users\SHUBHKANT\.vscode\extensions\redhat.java-1.55.0-win32-x64\jre\21.0.11-win32-x86_64\bin\msvcp140.dll
0x00007ffb0ca20000 - 0x00007ffb0d7c2000 	c:\Users\SHUBHKANT\.vscode\extensions\redhat.java-1.55.0-win32-x64\jre\21.0.11-win32-x86_64\bin\server\jvm.dll
0x00007ffbfed70000 - 0x00007ffbfee27000 	C:\WINDOWS\System32\ADVAPI32.dll
0x00007ffc00f50000 - 0x00007ffc00ffa000 	C:\WINDOWS\System32\sechost.dll
0x00007ffbffbd0000 - 0x00007ffbffce8000 	C:\WINDOWS\System32\RPCRT4.dll
0x00007ffbff320000 - 0x00007ffbff3a0000 	C:\WINDOWS\System32\WS2_32.dll
0x00007ffbfe0e0000 - 0x00007ffbfe13e000 	C:\WINDOWS\SYSTEM32\POWRPROF.dll
0x00007ffbea310000 - 0x00007ffbea346000 	C:\WINDOWS\SYSTEM32\WINMM.dll
0x00007ffbecda0000 - 0x00007ffbecdab000 	C:\WINDOWS\SYSTEM32\VERSION.dll
0x00007ffbfe0c0000 - 0x00007ffbfe0d4000 	C:\WINDOWS\SYSTEM32\UMPDC.dll
0x00007ffbfcf10000 - 0x00007ffbfcf2b000 	C:\WINDOWS\SYSTEM32\kernel.appcore.dll
0x00007ffbf67e0000 - 0x00007ffbf67ea000 	c:\Users\SHUBHKANT\.vscode\extensions\redhat.java-1.55.0-win32-x64\jre\21.0.11-win32-x86_64\bin\jimage.dll
0x00007ffbfba40000 - 0x00007ffbfbc82000 	C:\WINDOWS\SYSTEM32\DBGHELP.DLL
0x00007ffbfee30000 - 0x00007ffbff1b3000 	C:\WINDOWS\System32\combase.dll
0x00007ffbffec0000 - 0x00007ffbfff99000 	C:\WINDOWS\System32\OLEAUT32.dll
0x00007ffbdd280000 - 0x00007ffbdd2bb000 	C:\WINDOWS\SYSTEM32\dbgcore.DLL
0x00007ffbfec00000 - 0x00007ffbfecac000 	C:\WINDOWS\System32\bcryptPrimitives.dll
0x00007ffbf53f0000 - 0x00007ffbf53ff000 	c:\Users\SHUBHKANT\.vscode\extensions\redhat.java-1.55.0-win32-x64\jre\21.0.11-win32-x86_64\bin\instrument.dll
0x00007ffbeedb0000 - 0x00007ffbeedd0000 	c:\Users\SHUBHKANT\.vscode\extensions\redhat.java-1.55.0-win32-x64\jre\21.0.11-win32-x86_64\bin\java.dll
0x00007ffc00330000 - 0x00007ffc00ac2000 	C:\WINDOWS\System32\SHELL32.dll
0x00007ffbfbcc0000 - 0x00007ffbfc552000 	C:\WINDOWS\SYSTEM32\windows.storage.dll
0x00007ffc00170000 - 0x00007ffc00267000 	C:\WINDOWS\System32\SHCORE.dll
0x00007ffbfffa0000 - 0x00007ffc00007000 	C:\WINDOWS\System32\shlwapi.dll
0x00007ffbfe180000 - 0x00007ffbfe1a9000 	C:\WINDOWS\SYSTEM32\profapi.dll
0x00007ffbee120000 - 0x00007ffbee138000 	c:\Users\SHUBHKANT\.vscode\extensions\redhat.java-1.55.0-win32-x64\jre\21.0.11-win32-x86_64\bin\zip.dll
0x00007ffbf4790000 - 0x00007ffbf47a0000 	C:\Users\SHUBHKANT\.vscode\extensions\redhat.java-1.55.0-win32-x64\jre\21.0.11-win32-x86_64\bin\net.dll
0x00007ffbf6de0000 - 0x00007ffbf6f09000 	C:\WINDOWS\SYSTEM32\WINHTTP.dll
0x00007ffbfd4f0000 - 0x00007ffbfd55c000 	C:\WINDOWS\system32\mswsock.dll
0x00007ffbee100000 - 0x00007ffbee116000 	C:\Users\SHUBHKANT\.vscode\extensions\redhat.java-1.55.0-win32-x64\jre\21.0.11-win32-x86_64\bin\nio.dll
0x00007ffbf33f0000 - 0x00007ffbf3400000 	c:\Users\SHUBHKANT\.vscode\extensions\redhat.java-1.55.0-win32-x64\jre\21.0.11-win32-x86_64\bin\verify.dll
0x00007ffbae880000 - 0x00007ffbae8c5000 	C:\Users\SHUBHKANT\AppData\Roaming\Code\User\globalStorage\redhat.java\1.55.0\config_ss_win\org.eclipse.equinox.launcher\org.eclipse.equinox.launcher.win32.win32.x86_64_1.3.100.v20260613-0559\eclipse_11924.dll
0x00007ffc00d80000 - 0x00007ffc00f19000 	C:\WINDOWS\System32\ole32.dll
0x00007ffbfd810000 - 0x00007ffbfd82b000 	C:\WINDOWS\SYSTEM32\CRYPTSP.dll
0x00007ffbfce70000 - 0x00007ffbfcea9000 	C:\WINDOWS\system32\rsaenh.dll
0x00007ffbfd5b0000 - 0x00007ffbfd5e2000 	C:\WINDOWS\SYSTEM32\USERENV.dll
0x00007ffbfe150000 - 0x00007ffbfe17a000 	C:\WINDOWS\SYSTEM32\bcrypt.dll
0x00007ffbfd7f0000 - 0x00007ffbfd7fc000 	C:\WINDOWS\SYSTEM32\CRYPTBASE.dll
0x00007ffbfc8b0000 - 0x00007ffbfc8e3000 	C:\WINDOWS\SYSTEM32\IPHLPAPI.DLL
0x00007ffc00070000 - 0x00007ffc0007a000 	C:\WINDOWS\System32\NSI.dll
0x00007ffba3760000 - 0x00007ffba37a9000 	C:\Users\SHUBHKANT\AppData\Local\Temp\jna-1320145794\jna8609014775457753392.dll
0x00007ffc00320000 - 0x00007ffc00328000 	C:\WINDOWS\System32\PSAPI.DLL
0x00007ffbf7480000 - 0x00007ffbf749d000 	C:\WINDOWS\SYSTEM32\dhcpcsvc6.DLL
0x00007ffbf7450000 - 0x00007ffbf7475000 	C:\WINDOWS\SYSTEM32\dhcpcsvc.DLL

JVMTI agents:
c:\Users\SHUBHKANT\.vscode\extensions\redhat.java-1.55.0-win32-x64\lombok\lombok-1.18.39-4050.jar path:c:\Users\SHUBHKANT\.vscode\extensions\redhat.java-1.55.0-win32-x64\jre\21.0.11-win32-x86_64\bin\instrument.dll, loaded, initialized, instrumentlib options:none

dbghelp: loaded successfully - version: 4.0.5 - missing functions: none
symbol engine: initialized successfully - sym options: 0x614 - pdb path: .;c:\Users\SHUBHKANT\.vscode\extensions\redhat.java-1.55.0-win32-x64\jre\21.0.11-win32-x86_64\bin;C:\WINDOWS\SYSTEM32;C:\WINDOWS\WinSxS\amd64_microsoft.windows.common-controls_6595b64144ccf1df_6.0.26100.8737_none_3e092eaee333b772;c:\Users\SHUBHKANT\.vscode\extensions\redhat.java-1.55.0-win32-x64\jre\21.0.11-win32-x86_64\bin\server;C:\Users\SHUBHKANT\AppData\Roaming\Code\User\globalStorage\redhat.java\1.55.0\config_ss_win\org.eclipse.equinox.launcher\org.eclipse.equinox.launcher.win32.win32.x86_64_1.3.100.v20260613-0559;C:\Users\SHUBHKANT\AppData\Local\Temp\jna-1320145794

VM Arguments:
jvm_args: --add-modules=ALL-SYSTEM --add-opens=java.base/java.util=ALL-UNNAMED --add-opens=java.base/java.lang=ALL-UNNAMED --add-opens=java.base/sun.nio.fs=ALL-UNNAMED -Declipse.application=org.eclipse.jdt.ls.core.id1 -Dosgi.bundles.defaultStartLevel=4 -Declipse.product=org.eclipse.jdt.ls.core.product -Djava.import.generatesMetadataFilesAtProjectRoot=false -DDetectVMInstallationsJob.disabled=true -Dfile.encoding=utf8 -XX:+UseParallelGC -XX:GCTimeRatio=4 -XX:AdaptiveSizePolicyWeight=90 -Dsun.zip.disableMemoryMapping=true -Xmx2G -Xms100m -Xlog:disable -javaagent:c:\Users\SHUBHKANT\.vscode\extensions\redhat.java-1.55.0-win32-x64\lombok\lombok-1.18.39-4050.jar 
java_command: c:\Users\SHUBHKANT\.vscode\extensions\redhat.java-1.55.0-win32-x64\server\plugins\org.eclipse.equinox.launcher_1.7.200.v20260619-2039.jar -configuration c:\Users\SHUBHKANT\AppData\Roaming\Code\User\globalStorage\redhat.java\1.55.0\config_ss_win -data c:\Users\SHUBHKANT\AppData\Roaming\Code\User\workspaceStorage\6c36482d2d0bd126daf0ec7bb4cc7ee6\redhat.java\ss_ws --pipe=\\.\pipe\lsp-f3203b9d284ac86208a045db96f74d6d-sock
java_class_path (initial): c:\Users\SHUBHKANT\.vscode\extensions\redhat.java-1.55.0-win32-x64\server\plugins\org.eclipse.equinox.launcher_1.7.200.v20260619-2039.jar
Launcher Type: SUN_STANDARD

[Global flags]
    uintx AdaptiveSizePolicyWeight                 = 90                                        {product} {command line}
     intx CICompilerCount                          = 12                                        {product} {ergonomic}
    uintx GCTimeRatio                              = 4                                         {product} {command line}
   size_t InitialHeapSize                          = 104857600                                 {product} {command line}
   size_t MaxHeapSize                              = 2147483648                                {product} {command line}
   size_t MaxNewSize                               = 715653120                                 {product} {ergonomic}
   size_t MinHeapDeltaBytes                        = 524288                                    {product} {ergonomic}
   size_t MinHeapSize                              = 104857600                                 {product} {command line}
   size_t NewSize                                  = 34603008                                  {product} {ergonomic}
    uintx NonNMethodCodeHeapSize                   = 7602480                                {pd product} {ergonomic}
    uintx NonProfiledCodeHeapSize                  = 122027880                              {pd product} {ergonomic}
   size_t OldSize                                  = 70254592                                  {product} {ergonomic}
    uintx ProfiledCodeHeapSize                     = 122027880                              {pd product} {ergonomic}
    uintx ReservedCodeCacheSize                    = 251658240                              {pd product} {ergonomic}
     bool SegmentedCodeCache                       = true                                      {product} {ergonomic}
   size_t SoftMaxHeapSize                          = 2147483648                             {manageable} {ergonomic}
     bool UseCompressedOops                        = true                           {product lp64_product} {ergonomic}
     bool UseLargePagesIndividualAllocation        = false                                  {pd product} {ergonomic}
     bool UseParallelGC                            = true                                      {product} {command line}

Logging:
Log output configuration:
 #0: stdout all=off uptime,level,tags foldmultilines=false
 #1: stderr all=off uptime,level,tags foldmultilines=false

Release file:
JAVA_VERSION="21.0.11" 
MODULES="java.base java.compiler java.datatransfer java.xml java.prefs java.desktop java.instrument java.logging java.management java.security.sasl java.naming java.rmi java.management.rmi java.net.http java.scripting java.security.jgss java.transaction.xa java.sql java.sql.rowset java.xml.crypto java.se java.smartcardio jdk.accessibility jdk.internal.jvmstat jdk.attach jdk.charsets jdk.internal.opt jdk.zipfs jdk.compiler jdk.crypto.ec jdk.crypto.cryptoki jdk.crypto.mscapi jdk.dynalink jdk.internal.ed jdk.editpad jdk.hotspot.agent jdk.httpserver jdk.internal.le jdk.internal.vm.ci jdk.internal.vm.compiler jdk.internal.vm.compiler.management jdk.jartool jdk.javadoc jdk.jcmd jdk.management jdk.management.agent jdk.jconsole jdk.jdeps jdk.jdwp.agent jdk.jdi jdk.jfr jdk.jshell jdk.jsobject jdk.jstatd jdk.localedata jdk.management.jfr jdk.naming.dns jdk.naming.rmi jdk.net jdk.nio.mapmode jdk.random jdk.sctp jdk.security.auth jdk.security.jgss jdk.unsupported jdk.unsupported.desktop jdk.xml.dom" 

Environment Variables:
JAVA_HOME=C:\Program Files\Java\jdk-25
PATH=C:\Program Files\Python314\Scripts\;C:\Program Files\Python314\;C:\Program Files\Common Files\Oracle\Java\javapath;C:\Windows\system32;C:\Windows;C:\Windows\System32\Wbem;C:\Windows\System32\WindowsPowerShell\v1.0\;C:\Windows\System32\OpenSSH\;C:\Program Files (x86)\NVIDIA Corporation\PhysX\Common;C:\Program Files\Java\jdk-17\bin;C:\WINDOWS\system32;C:\WINDOWS;C:\WINDOWS\System32\Wbem;C:\WINDOWS\System32\WindowsPowerShell\v1.0\;C:\WINDOWS\System32\OpenSSH\;C:\Program Files\Java\jdk-25\bin;C:\Program Files\Git\cmd;C:\Program Files\Java\jdk-25\bin;C:\Program Files\MySQL\MySQL Shell 8.0\bin\;C:\Users\SHUBHKANT\AppData\Local\Microsoft\WindowsApps;C:\Users\SHUBHKANT\AppData\Local\JetBrains\IntelliJ IDEA 2024.3.5\bin;;C:\Users\SHUBHKANT\AppData\Local\Programs\Microsoft VS Code\bin
USERNAME=SHUBHKANT
OS=Windows_NT
PROCESSOR_IDENTIFIER=AMD64 Family 25 Model 68 Stepping 1, AuthenticAMD
TMP=C:\Users\SHUBHK~1\AppData\Local\Temp
TEMP=C:\Users\SHUBHK~1\AppData\Local\Temp




Periodic native trim disabled

---------------  S Y S T E M  ---------------

OS:
 Windows 11 , 64 bit Build 26100 (10.0.26100.8737)
OS uptime: 2 days 19:58 hours
Hyper-V role detected

CPU: total 16 (initial active 16) (16 cores per cpu, 2 threads per core) family 25 model 68 stepping 1 microcode 0xa404105, cx8, cmov, fxsr, ht, mmx, 3dnowpref, sse, sse2, sse3, ssse3, sse4a, sse4.1, sse4.2, popcnt, lzcnt, tsc, tscinvbit, avx, avx2, aes, erms, clmul, bmi1, bmi2, adx, sha, fma, vzeroupper, clflush, clflushopt, hv, rdtscp, rdpid, fsrm, f16c, cet_ss
Processor Information for processor 0
  Max Mhz: 3201, Current Mhz: 3201, Mhz Limit: 3201
Processor Information for processor 1
  Max Mhz: 3201, Current Mhz: 3201, Mhz Limit: 3201
Processor Information for processor 2
  Max Mhz: 3201, Current Mhz: 3201, Mhz Limit: 3201
Processor Information for processor 3
  Max Mhz: 3201, Current Mhz: 3201, Mhz Limit: 3201
Processor Information for processor 4
  Max Mhz: 3201, Current Mhz: 3201, Mhz Limit: 3201
Processor Information for processor 5
  Max Mhz: 3201, Current Mhz: 2566, Mhz Limit: 3201
Processor Information for processor 6
  Max Mhz: 3201, Current Mhz: 3201, Mhz Limit: 3201
Processor Information for processor 7
  Max Mhz: 3201, Current Mhz: 2566, Mhz Limit: 3201
Processor Information for processor 8
  Max Mhz: 3201, Current Mhz: 2566, Mhz Limit: 3201
Processor Information for processor 9
  Max Mhz: 3201, Current Mhz: 3201, Mhz Limit: 3201
Processor Information for processor 10
  Max Mhz: 3201, Current Mhz: 3201, Mhz Limit: 3201
Processor Information for processor 11
  Max Mhz: 3201, Current Mhz: 2566, Mhz Limit: 3201
Processor Information for processor 12
  Max Mhz: 3201, Current Mhz: 2566, Mhz Limit: 3201
Processor Information for processor 13
  Max Mhz: 3201, Current Mhz: 3201, Mhz Limit: 3201
Processor Information for processor 14
  Max Mhz: 3201, Current Mhz: 3201, Mhz Limit: 3201
Processor Information for processor 15
  Max Mhz: 3201, Current Mhz: 3201, Mhz Limit: 3201

Memory: 4k page, system-wide physical 15557M (3629M free)
TotalPageFile size 21404M (AvailPageFile size 3M)
current process WorkingSet (physical memory assigned to process): 209M, peak: 209M
current process commit charge ("private bytes"): 339M, peak: 340M

vm_info: OpenJDK 64-Bit Server VM (21.0.11+10-LTS) for windows-amd64 JRE (21.0.11+10-LTS), built on 2026-04-21T00:00:00Z by "admin" with MS VC++ 17.12 (VS2022)

END.
