#
# There is insufficient memory for the Java Runtime Environment to continue.
# Native memory allocation (malloc) failed to allocate 32744 bytes. Error detail: Chunk::new
# Possible reasons:
#   The system is out of physical RAM or swap space
#   This process is running with CompressedOops enabled, and the Java Heap may be blocking the growth of the native heap
# Possible solutions:
#   Reduce memory load on the system
#   Increase physical memory or swap space
#   Check if swap backing store is full
#   Decrease Java heap size (-Xmx/-Xms)
#   Decrease number of Java threads
#   Decrease Java thread stack sizes (-Xss)
#   Set larger code cache with -XX:ReservedCodeCacheSize=
#   JVM is running with Unscaled Compressed Oops mode in which the Java heap is
#     placed in the first 4GB address space. The Java Heap base address is the
#     maximum limit for the native heap growth. Please use -XX:HeapBaseMinAddress
#     to set the Java Heap base and to place the Java Heap above 4GB virtual address.
# This output file may be truncated or incomplete.
#
#  Out of Memory Error (arena.cpp:168), pid=9964, tid=18668
#
# JRE version: OpenJDK Runtime Environment Temurin-21.0.11+10 (21.0.11+10) (build 21.0.11+10-LTS)
# Java VM: OpenJDK 64-Bit Server VM Temurin-21.0.11+10 (21.0.11+10-LTS, mixed mode, sharing, tiered, compressed oops, compressed class ptrs, parallel gc, windows-amd64)
# No core dump will be written. Minidumps are not enabled by default on client versions of Windows
#

---------------  S U M M A R Y ------------

Command Line: --add-modules=ALL-SYSTEM --add-opens=java.base/java.util=ALL-UNNAMED --add-opens=java.base/java.lang=ALL-UNNAMED --add-opens=java.base/sun.nio.fs=ALL-UNNAMED -Declipse.application=org.eclipse.jdt.ls.core.id1 -Dosgi.bundles.defaultStartLevel=4 -Declipse.product=org.eclipse.jdt.ls.core.product -Djava.import.generatesMetadataFilesAtProjectRoot=false -DDetectVMInstallationsJob.disabled=true -Dfile.encoding=utf8 -XX:+UseParallelGC -XX:GCTimeRatio=4 -XX:AdaptiveSizePolicyWeight=90 -Dsun.zip.disableMemoryMapping=true -Xmx2G -Xms100m -Xlog:disable -javaagent:c:\Users\SHUBHKANT\.vscode\extensions\redhat.java-1.55.0-win32-x64\lombok\lombok-1.18.39-4050.jar c:\Users\SHUBHKANT\.vscode\extensions\redhat.java-1.55.0-win32-x64\server\plugins\org.eclipse.equinox.launcher_1.7.200.v20260619-2039.jar -configuration c:\Users\SHUBHKANT\AppData\Roaming\Code\User\globalStorage\redhat.java\1.55.0\config_ss_win -data c:\Users\SHUBHKANT\AppData\Roaming\Code\User\workspaceStorage\6c36482d2d0bd126daf0ec7bb4cc7ee6\redhat.java\ss_ws --pipe=\\.\pipe\lsp-799b007abea4a7fc6251d7ff82bd951c-sock

Host: AMD Ryzen 7 6800H with Radeon Graphics         , 16 cores, 15G,  Windows 11 , 64 bit Build 26100 (10.0.26100.8737)
Time: Mon Jun 29 16:42:41 2026 India Standard Time elapsed time: 1.737312 seconds (0d 0h 0m 1s)

---------------  T H R E A D  ---------------

Current thread (0x0000016d96f3f870):  JavaThread "C1 CompilerThread1" daemon [_thread_in_vm, id=18668, stack(0x000000497ac00000,0x000000497ad00000) (1024K)]


Current CompileTask:
C1:1737 2866       3       org.lombokweb.asm.ClassReader::readStackMapFrame (535 bytes)

Stack: [0x000000497ac00000,0x000000497ad00000]
Native frames: (J=compiled Java code, j=interpreted, Vv=VM code, C=native code)
V  [jvm.dll+0x6d7e19]
V  [jvm.dll+0x8b5096]
V  [jvm.dll+0x8b764e]
V  [jvm.dll+0x8b7d33]
V  [jvm.dll+0x284596]
V  [jvm.dll+0xc685d]
V  [jvm.dll+0xc6da1]
V  [jvm.dll+0x1fe54b]
V  [jvm.dll+0x1e9b23]
V  [jvm.dll+0x25b947]
V  [jvm.dll+0x25a03a]
V  [jvm.dll+0x3f868e]
V  [jvm.dll+0x85fb0d]
V  [jvm.dll+0x6d664d]
C  [ucrtbase.dll+0x2cd30]
C  [KERNEL32.DLL+0x2e957]
C  [ntdll.dll+0xaad6c]


---------------  P R O C E S S  ---------------

Threads class SMR info:
_java_thread_list=0x0000016d9d6f56a0, length=24, elements={
0x0000016d3df0be10, 0x0000016d549bda40, 0x0000016d549be7b0, 0x0000016d3dfb7540,
0x0000016d3dfb80d0, 0x0000016d96e75360, 0x0000016d3dfc3780, 0x0000016d3dfc5230,
0x0000016d3dfcb4b0, 0x0000016d96f3f870, 0x0000016d97104340, 0x0000016d9718c890,
0x0000016d9718cf40, 0x0000016d97105060, 0x0000016d971049d0, 0x0000016d971056f0,
0x0000016d98e91050, 0x0000016d98e8fca0, 0x0000016d98e8dbd0, 0x0000016d98868420,
0x0000016d98e8e260, 0x0000016d98e916e0, 0x0000016d98e91d70, 0x0000016d9de0d070
}

Java Threads: ( => current thread )
  0x0000016d3df0be10 JavaThread "main"                              [_thread_blocked, id=17516, stack(0x000000497a000000,0x000000497a100000) (1024K)]
  0x0000016d549bda40 JavaThread "Reference Handler"          daemon [_thread_blocked, id=12464, stack(0x000000497a400000,0x000000497a500000) (1024K)]
  0x0000016d549be7b0 JavaThread "Finalizer"                  daemon [_thread_blocked, id=12688, stack(0x000000497a500000,0x000000497a600000) (1024K)]
  0x0000016d3dfb7540 JavaThread "Signal Dispatcher"          daemon [_thread_blocked, id=7912, stack(0x000000497a600000,0x000000497a700000) (1024K)]
  0x0000016d3dfb80d0 JavaThread "Attach Listener"            daemon [_thread_blocked, id=22456, stack(0x000000497a700000,0x000000497a800000) (1024K)]
  0x0000016d96e75360 JavaThread "Service Thread"             daemon [_thread_blocked, id=27768, stack(0x000000497a800000,0x000000497a900000) (1024K)]
  0x0000016d3dfc3780 JavaThread "Monitor Deflation Thread"   daemon [_thread_blocked, id=12080, stack(0x000000497a900000,0x000000497aa00000) (1024K)]
  0x0000016d3dfc5230 JavaThread "C2 CompilerThread0"         daemon [_thread_in_native, id=12660, stack(0x000000497aa00000,0x000000497ab00000) (1024K)]
  0x0000016d3dfcb4b0 JavaThread "C1 CompilerThread0"         daemon [_thread_blocked, id=2124, stack(0x000000497ab00000,0x000000497ac00000) (1024K)]
=>0x0000016d96f3f870 JavaThread "C1 CompilerThread1"         daemon [_thread_in_vm, id=18668, stack(0x000000497ac00000,0x000000497ad00000) (1024K)]
  0x0000016d97104340 JavaThread "Common-Cleaner"             daemon [_thread_blocked, id=11724, stack(0x000000497ae00000,0x000000497af00000) (1024K)]
  0x0000016d9718c890 JavaThread "C1 CompilerThread2"         daemon [_thread_blocked, id=3608, stack(0x000000497af00000,0x000000497b000000) (1024K)]
  0x0000016d9718cf40 JavaThread "C1 CompilerThread3"         daemon [_thread_blocked, id=22304, stack(0x000000497b000000,0x000000497b100000) (1024K)]
  0x0000016d97105060 JavaThread "Notification Thread"        daemon [_thread_blocked, id=12512, stack(0x000000497b100000,0x000000497b200000) (1024K)]
  0x0000016d971049d0 JavaThread "Active Thread: Equinox Container: 44e5784f-e11a-4754-a983-56cbd6872f4d"        [_thread_blocked, id=23700, stack(0x000000497bb00000,0x000000497bc00000) (1024K)]
  0x0000016d971056f0 JavaThread "Framework Event Dispatcher: Equinox Container: 44e5784f-e11a-4754-a983-56cbd6872f4d" daemon [_thread_blocked, id=19052, stack(0x000000497bd00000,0x000000497be00000) (1024K)]
  0x0000016d98e91050 JavaThread "Start Level: Equinox Container: 44e5784f-e11a-4754-a983-56cbd6872f4d" daemon [_thread_in_vm, id=10716, stack(0x000000497be00000,0x000000497bf00000) (1024K)]
  0x0000016d98e8fca0 JavaThread "SCR Component Actor"        daemon [_thread_blocked, id=11620, stack(0x000000497bf00000,0x000000497c000000) (1024K)]
  0x0000016d98e8dbd0 JavaThread "Worker-JM"                         [_thread_blocked, id=27044, stack(0x000000497c000000,0x000000497c100000) (1024K)]
  0x0000016d98868420 JavaThread "C2 CompilerThread1"         daemon [_thread_in_native, id=15748, stack(0x000000497ad00000,0x000000497ae00000) (1024K)]
  0x0000016d98e8e260 JavaThread "JNA Cleaner"                daemon [_thread_blocked, id=27080, stack(0x000000497b200000,0x000000497b300000) (1024K)]
  0x0000016d98e916e0 JavaThread "Worker-0"                          [_thread_blocked, id=29100, stack(0x000000497b300000,0x000000497b400000) (1024K)]
  0x0000016d98e91d70 JavaThread "Worker-1"                          [_thread_blocked, id=16672, stack(0x000000497b400000,0x000000497b500000) (1024K)]
  0x0000016d9de0d070 JavaThread "C2 CompilerThread2"         daemon [_thread_in_native, id=11472, stack(0x000000497c600000,0x000000497c700000) (1024K)]
Total: 24

Other Threads:
  0x0000016d3dfb2830 VMThread "VM Thread"                           [id=12364, stack(0x000000497a300000,0x000000497a400000) (1024K)]
  0x0000016d5489ca10 WatcherThread "VM Periodic Task Thread"        [id=18932, stack(0x000000497a200000,0x000000497a300000) (1024K)]
  0x0000016d3df2a580 WorkerThread "GC Thread#0"                     [id=14904, stack(0x000000497a100000,0x000000497a200000) (1024K)]
  0x0000016d98da09f0 WorkerThread "GC Thread#1"                     [id=18516, stack(0x000000497b500000,0x000000497b600000) (1024K)]
  0x0000016d98da0370 WorkerThread "GC Thread#2"                     [id=17376, stack(0x000000497b600000,0x000000497b700000) (1024K)]
  0x0000016d9d1164a0 WorkerThread "GC Thread#3"                     [id=23296, stack(0x000000497b700000,0x000000497b800000) (1024K)]
  0x0000016d9d116850 WorkerThread "GC Thread#4"                     [id=9140, stack(0x000000497b800000,0x000000497b900000) (1024K)]
  0x0000016d9d116c00 WorkerThread "GC Thread#5"                     [id=5300, stack(0x000000497b900000,0x000000497ba00000) (1024K)]
  0x0000016d9d116fb0 WorkerThread "GC Thread#6"                     [id=16624, stack(0x000000497ba00000,0x000000497bb00000) (1024K)]
  0x0000016d9d28c6d0 WorkerThread "GC Thread#7"                     [id=15536, stack(0x000000497bc00000,0x000000497bd00000) (1024K)]
  0x0000016d9d6a76b0 WorkerThread "GC Thread#8"                     [id=25560, stack(0x000000497c100000,0x000000497c200000) (1024K)]
  0x0000016d9d6a7a60 WorkerThread "GC Thread#9"                     [id=22704, stack(0x000000497c200000,0x000000497c300000) (1024K)]
  0x0000016d9d794580 WorkerThread "GC Thread#10"                    [id=10032, stack(0x000000497c300000,0x000000497c400000) (1024K)]
  0x0000016d9d510450 WorkerThread "GC Thread#11"                    [id=10352, stack(0x000000497c400000,0x000000497c500000) (1024K)]
  0x0000016d9d825460 WorkerThread "GC Thread#12"                    [id=3624, stack(0x000000497c500000,0x000000497c600000) (1024K)]
Total: 15

Threads with active compile tasks:
C2 CompilerThread0  1756 2851       4       org.lombokweb.asm.ClassReader::readMethod (1070 bytes)
C1 CompilerThread1  1756 2866       3       org.lombokweb.asm.ClassReader::readStackMapFrame (535 bytes)
C2 CompilerThread1  1756 2868       4       lombok.patcher.PatchScript$MethodPatcher::visitMethod (158 bytes)
C2 CompilerThread2  1756 2854       4       org.lombokweb.asm.ClassWriter::visitMethod (57 bytes)
Total: 4

VM state: not at safepoint (normal execution)

VM Mutex/Monitor currently owned by a thread:  ([mutex/lock_event])
[0x00007ffb0d6dd4f0] Metaspace_lock - owner thread: 0x0000016d98e91050

Heap address: 0x0000000080000000, size: 2048 MB, Compressed Oops mode: 32-bit

CDS archive(s) mapped at: [0x0000016d55000000-0x0000016d55ba0000-0x0000016d55ba0000), size 12189696, SharedBaseAddress: 0x0000016d55000000, ArchiveRelocationMode: 1.
Compressed class space mapped at: 0x0000016d56000000-0x0000016d96000000, reserved size: 1073741824
Narrow klass base: 0x0000016d55000000, Narrow klass shift: 0, Narrow klass range: 0x100000000

GC Precious Log:
 CardTable entry size: 512
 CPUs: 16 total, 16 available
 Memory: 15557M
 Large Page Support: Disabled
 NUMA Support: Disabled
 Compressed Oops: Enabled (32-bit)
 Alignments: Space 512K, Generation 512K, Heap 2M
 Heap Min Capacity: 100M
 Heap Initial Capacity: 100M
 Heap Max Capacity: 2G
 Pre-touch: Disabled
 Parallel Workers: 13

Heap:
 PSYoungGen      total 29184K, used 12043K [0x00000000d5580000, 0x00000000d7900000, 0x0000000100000000)
  eden space 25088K, 31% used [0x00000000d5580000,0x00000000d5d45e90,0x00000000d6e00000)
  from space 4096K, 99% used [0x00000000d6e80000,0x00000000d727ce20,0x00000000d7280000)
  to   space 5632K, 0% used [0x00000000d7380000,0x00000000d7380000,0x00000000d7900000)
 ParOldGen       total 68608K, used 5174K [0x0000000080000000, 0x0000000084300000, 0x00000000d5580000)
  object space 68608K, 7% used [0x0000000080000000,0x000000008050db08,0x0000000084300000)
 Metaspace       used 20787K, committed 21440K, reserved 1114112K
  class space    used 2070K, committed 2368K, reserved 1048576K

Card table byte_map: [0x0000016d3d8b0000,0x0000016d3dcc0000] _byte_map_base: 0x0000016d3d4b0000

Marking Bits: (ParMarkBitMap*) 0x00007ffb0d6e4460
 Begin Bits: [0x0000016d503c0000, 0x0000016d523c0000)
 End Bits:   [0x0000016d523c0000, 0x0000016d543c0000)

Polling page: 0x0000016d3bee0000

Metaspace:

Usage:
  Non-class:     18.28 MB used.
      Class:      2.02 MB used.
       Both:     20.30 MB used.

Virtual space:
  Non-class space:       64.00 MB reserved,      18.62 MB ( 29%) committed,  1 nodes.
      Class space:        1.00 GB reserved,       2.31 MB ( <1%) committed,  1 nodes.
             Both:        1.06 GB reserved,      20.94 MB (  2%) committed. 

Chunk freelists:
   Non-Class:  13.03 MB
       Class:  13.66 MB
        Both:  26.69 MB

MaxMetaspaceSize: unlimited
CompressedClassSpaceSize: 1.00 GB
Initial GC threshold: 21.00 MB
Current GC threshold: 21.00 MB
CDS: on
 - commit_granule_bytes: 65536.
 - commit_granule_words: 8192.
 - virtual_space_node_default_size: 8388608.
 - enlarge_chunks_in_place: 1.
 - use_allocation_guard: 0.


Internal statistics:

num_allocs_failed_limit: 0.
num_arena_births: 510.
num_arena_deaths: 0.
num_vsnodes_births: 2.
num_vsnodes_deaths: 0.
num_space_committed: 335.
num_space_uncommitted: 0.
num_chunks_returned_to_freelist: 0.
num_chunks_taken_from_freelist: 1288.
num_chunk_merges: 0.
num_chunk_splits: 831.
num_chunks_enlarged: 539.
num_inconsistent_stats: 0.

CodeHeap 'non-profiled nmethods': size=119168Kb used=1259Kb max_used=1259Kb free=117908Kb
 bounds [0x0000016d48cb0000, 0x0000016d48f20000, 0x0000016d50110000]
CodeHeap 'profiled nmethods': size=119104Kb used=5633Kb max_used=5633Kb free=113470Kb
 bounds [0x0000016d41110000, 0x0000016d416a0000, 0x0000016d48560000]
CodeHeap 'non-nmethods': size=7488Kb used=3003Kb max_used=3048Kb free=4485Kb
 bounds [0x0000016d48560000, 0x0000016d48860000, 0x0000016d48cb0000]
CodeCache: size=245760Kb, used=9895Kb, max_used=9940Kb, free=235863Kb
 total_blobs=3463, nmethods=2863, adapters=503, full_count=0
Compilation: enabled, stopped_count=0, restarted_count=0

Compilation events (20 events):
Event: 1.721 Thread 0x0000016d9718cf40 2857       3       org.lombokweb.asm.SymbolTable::<init> (554 bytes)
Event: 1.721 Thread 0x0000016d9718c890 2858       3       java.util.regex.Pattern$BranchConn::match (11 bytes)
Event: 1.722 Thread 0x0000016d9718c890 nmethod 2858 0x0000016d41683f10 code [0x0000016d416840c0, 0x0000016d41684298]
Event: 1.722 Thread 0x0000016d96f3f870 2859       3       org.lombokweb.asm.MethodVisitor::visitJumpInsn (17 bytes)
Event: 1.722 Thread 0x0000016d9718c890 2860       3       org.lombokweb.asm.MethodVisitor::visitMethodInsn (80 bytes)
Event: 1.722 Thread 0x0000016d96f3f870 nmethod 2859 0x0000016d41684390 code [0x0000016d41684540, 0x0000016d41684748]
Event: 1.722 Thread 0x0000016d96f3f870 2861       1       lombok.patcher.MethodLogistics::getReturnOpcode (5 bytes)
Event: 1.722 Thread 0x0000016d96f3f870 nmethod 2861 0x0000016d48ddd310 code [0x0000016d48ddd4a0, 0x0000016d48ddd568]
Event: 1.722 Thread 0x0000016d96f3f870 2862       3       org.lombokweb.asm.MethodWriter::visitLabel (332 bytes)
Event: 1.722 Thread 0x0000016d3dfcb4b0 nmethod 2856 0x0000016d41684810 code [0x0000016d41684b00, 0x0000016d41685cc0]
Event: 1.723 Thread 0x0000016d9718c890 nmethod 2860 0x0000016d41686290 code [0x0000016d41686480, 0x0000016d41686928]
Event: 1.723 Thread 0x0000016d9718c890 2863       3       org.lombokweb.asm.Label::resolve (259 bytes)
Event: 1.723 Thread 0x0000016d3dfcb4b0 2865       3       org.lombokweb.asm.ByteVector::putByteArray (49 bytes)
Event: 1.723 Thread 0x0000016d96f3f870 nmethod 2862 0x0000016d41686a90 code [0x0000016d41686ce0, 0x0000016d416875d8]
Event: 1.723 Thread 0x0000016d3dfcb4b0 nmethod 2865 0x0000016d41687810 code [0x0000016d416879e0, 0x0000016d41687ca8]
Event: 1.723 Thread 0x0000016d9718c890 nmethod 2863 0x0000016d41687e10 code [0x0000016d41688000, 0x0000016d416885a8]
Event: 1.723 Thread 0x0000016d96f3f870 2864       3       org.lombokweb.asm.MethodWriter::visitFrame (811 bytes)
Event: 1.724 Thread 0x0000016d9718cf40 nmethod 2857 0x0000016d41688910 code [0x0000016d41688ee0, 0x0000016d4168b828]
Event: 1.725 Thread 0x0000016d96f3f870 nmethod 2864 0x0000016d4168ca90 code [0x0000016d4168cfe0, 0x0000016d4168f250]
Event: 1.735 Thread 0x0000016d96f3f870 2866       3       org.lombokweb.asm.ClassReader::readStackMapFrame (535 bytes)

GC Heap History (10 events):
Event: 0.447 GC heap before
{Heap before GC invocations=1 (full 0):
 PSYoungGen      total 29696K, used 25600K [0x00000000d5580000, 0x00000000d7680000, 0x0000000100000000)
  eden space 25600K, 100% used [0x00000000d5580000,0x00000000d6e80000,0x00000000d6e80000)
  from space 4096K, 0% used [0x00000000d7280000,0x00000000d7280000,0x00000000d7680000)
  to   space 4096K, 0% used [0x00000000d6e80000,0x00000000d6e80000,0x00000000d7280000)
 ParOldGen       total 68608K, used 0K [0x0000000080000000, 0x0000000084300000, 0x00000000d5580000)
  object space 68608K, 0% used [0x0000000080000000,0x0000000080000000,0x0000000084300000)
 Metaspace       used 4168K, committed 4416K, reserved 1114112K
  class space    used 454K, committed 576K, reserved 1048576K
}
Event: 0.451 GC heap after
{Heap after GC invocations=1 (full 0):
 PSYoungGen      total 29696K, used 3707K [0x00000000d5580000, 0x00000000d7680000, 0x0000000100000000)
  eden space 25600K, 0% used [0x00000000d5580000,0x00000000d5580000,0x00000000d6e80000)
  from space 4096K, 90% used [0x00000000d6e80000,0x00000000d721efe0,0x00000000d7280000)
  to   space 4096K, 0% used [0x00000000d7280000,0x00000000d7280000,0x00000000d7680000)
 ParOldGen       total 68608K, used 16K [0x0000000080000000, 0x0000000084300000, 0x00000000d5580000)
  object space 68608K, 0% used [0x0000000080000000,0x0000000080004000,0x0000000084300000)
 Metaspace       used 4168K, committed 4416K, reserved 1114112K
  class space    used 454K, committed 576K, reserved 1048576K
}
Event: 0.924 GC heap before
{Heap before GC invocations=2 (full 0):
 PSYoungGen      total 29696K, used 29307K [0x00000000d5580000, 0x00000000d7680000, 0x0000000100000000)
  eden space 25600K, 100% used [0x00000000d5580000,0x00000000d6e80000,0x00000000d6e80000)
  from space 4096K, 90% used [0x00000000d6e80000,0x00000000d721efe0,0x00000000d7280000)
  to   space 4096K, 0% used [0x00000000d7280000,0x00000000d7280000,0x00000000d7680000)
 ParOldGen       total 68608K, used 16K [0x0000000080000000, 0x0000000084300000, 0x00000000d5580000)
  object space 68608K, 0% used [0x0000000080000000,0x0000000080004000,0x0000000084300000)
 Metaspace       used 7986K, committed 8256K, reserved 1114112K
  class space    used 832K, committed 960K, reserved 1048576K
}
Event: 0.927 GC heap after
{Heap after GC invocations=2 (full 0):
 PSYoungGen      total 29696K, used 4070K [0x00000000d5580000, 0x00000000d7680000, 0x0000000100000000)
  eden space 25600K, 0% used [0x00000000d5580000,0x00000000d5580000,0x00000000d6e80000)
  from space 4096K, 99% used [0x00000000d7280000,0x00000000d7679800,0x00000000d7680000)
  to   space 4096K, 0% used [0x00000000d6e80000,0x00000000d6e80000,0x00000000d7280000)
 ParOldGen       total 68608K, used 998K [0x0000000080000000, 0x0000000084300000, 0x00000000d5580000)
  object space 68608K, 1% used [0x0000000080000000,0x00000000800f9b28,0x0000000084300000)
 Metaspace       used 7986K, committed 8256K, reserved 1114112K
  class space    used 832K, committed 960K, reserved 1048576K
}
Event: 1.235 GC heap before
{Heap before GC invocations=3 (full 0):
 PSYoungGen      total 29696K, used 29670K [0x00000000d5580000, 0x00000000d7680000, 0x0000000100000000)
  eden space 25600K, 100% used [0x00000000d5580000,0x00000000d6e80000,0x00000000d6e80000)
  from space 4096K, 99% used [0x00000000d7280000,0x00000000d7679800,0x00000000d7680000)
  to   space 4096K, 0% used [0x00000000d6e80000,0x00000000d6e80000,0x00000000d7280000)
 ParOldGen       total 68608K, used 998K [0x0000000080000000, 0x0000000084300000, 0x00000000d5580000)
  object space 68608K, 1% used [0x0000000080000000,0x00000000800f9b28,0x0000000084300000)
 Metaspace       used 12667K, committed 13184K, reserved 1114112K
  class space    used 1342K, committed 1600K, reserved 1048576K
}
Event: 1.238 GC heap after
{Heap after GC invocations=3 (full 0):
 PSYoungGen      total 29696K, used 4070K [0x00000000d5580000, 0x00000000d7680000, 0x0000000100000000)
  eden space 25600K, 0% used [0x00000000d5580000,0x00000000d5580000,0x00000000d6e80000)
  from space 4096K, 99% used [0x00000000d6e80000,0x00000000d7279828,0x00000000d7280000)
  to   space 4096K, 0% used [0x00000000d7280000,0x00000000d7280000,0x00000000d7680000)
 ParOldGen       total 68608K, used 2547K [0x0000000080000000, 0x0000000084300000, 0x00000000d5580000)
  object space 68608K, 3% used [0x0000000080000000,0x000000008027ce28,0x0000000084300000)
 Metaspace       used 12667K, committed 13184K, reserved 1114112K
  class space    used 1342K, committed 1600K, reserved 1048576K
}
Event: 1.587 GC heap before
{Heap before GC invocations=4 (full 0):
 PSYoungGen      total 29696K, used 29670K [0x00000000d5580000, 0x00000000d7680000, 0x0000000100000000)
  eden space 25600K, 100% used [0x00000000d5580000,0x00000000d6e80000,0x00000000d6e80000)
  from space 4096K, 99% used [0x00000000d6e80000,0x00000000d7279828,0x00000000d7280000)
  to   space 4096K, 0% used [0x00000000d7280000,0x00000000d7280000,0x00000000d7680000)
 ParOldGen       total 68608K, used 2547K [0x0000000080000000, 0x0000000084300000, 0x00000000d5580000)
  object space 68608K, 3% used [0x0000000080000000,0x000000008027ce28,0x0000000084300000)
 Metaspace       used 16737K, committed 17408K, reserved 1114112K
  class space    used 1767K, committed 2048K, reserved 1048576K
}
Event: 1.590 GC heap after
{Heap after GC invocations=4 (full 0):
 PSYoungGen      total 29696K, used 4089K [0x00000000d5580000, 0x00000000d7680000, 0x0000000100000000)
  eden space 25600K, 0% used [0x00000000d5580000,0x00000000d5580000,0x00000000d6e80000)
  from space 4096K, 99% used [0x00000000d7280000,0x00000000d767e738,0x00000000d7680000)
  to   space 4096K, 0% used [0x00000000d6e80000,0x00000000d6e80000,0x00000000d7280000)
 ParOldGen       total 68608K, used 4824K [0x0000000080000000, 0x0000000084300000, 0x00000000d5580000)
  object space 68608K, 7% used [0x0000000080000000,0x00000000804b62a8,0x0000000084300000)
 Metaspace       used 16737K, committed 17408K, reserved 1114112K
  class space    used 1767K, committed 2048K, reserved 1048576K
}
Event: 1.705 GC heap before
{Heap before GC invocations=5 (full 0):
 PSYoungGen      total 29696K, used 29689K [0x00000000d5580000, 0x00000000d7680000, 0x0000000100000000)
  eden space 25600K, 100% used [0x00000000d5580000,0x00000000d6e80000,0x00000000d6e80000)
  from space 4096K, 99% used [0x00000000d7280000,0x00000000d767e738,0x00000000d7680000)
  to   space 4096K, 0% used [0x00000000d6e80000,0x00000000d6e80000,0x00000000d7280000)
 ParOldGen       total 68608K, used 4824K [0x0000000080000000, 0x0000000084300000, 0x00000000d5580000)
  object space 68608K, 7% used [0x0000000080000000,0x00000000804b62a8,0x0000000084300000)
 Metaspace       used 20030K, committed 20672K, reserved 1114112K
  class space    used 2001K, committed 2304K, reserved 1048576K
}
Event: 1.706 GC heap after
{Heap after GC invocations=5 (full 0):
 PSYoungGen      total 29184K, used 4083K [0x00000000d5580000, 0x00000000d7900000, 0x0000000100000000)
  eden space 25088K, 0% used [0x00000000d5580000,0x00000000d5580000,0x00000000d6e00000)
  from space 4096K, 99% used [0x00000000d6e80000,0x00000000d727ce20,0x00000000d7280000)
  to   space 5632K, 0% used [0x00000000d7380000,0x00000000d7380000,0x00000000d7900000)
 ParOldGen       total 68608K, used 5174K [0x0000000080000000, 0x0000000084300000, 0x00000000d5580000)
  object space 68608K, 7% used [0x0000000080000000,0x000000008050db08,0x0000000084300000)
 Metaspace       used 20030K, committed 20672K, reserved 1114112K
  class space    used 2001K, committed 2304K, reserved 1048576K
}

Dll operation events (10 events):
Event: 0.008 Loaded shared library c:\Users\SHUBHKANT\.vscode\extensions\redhat.java-1.55.0-win32-x64\jre\21.0.11-win32-x86_64\bin\java.dll
Event: 0.048 Loaded shared library c:\Users\SHUBHKANT\.vscode\extensions\redhat.java-1.55.0-win32-x64\jre\21.0.11-win32-x86_64\bin\zip.dll
Event: 0.061 Loaded shared library C:\Users\SHUBHKANT\.vscode\extensions\redhat.java-1.55.0-win32-x64\jre\21.0.11-win32-x86_64\bin\instrument.dll
Event: 0.066 Loaded shared library C:\Users\SHUBHKANT\.vscode\extensions\redhat.java-1.55.0-win32-x64\jre\21.0.11-win32-x86_64\bin\net.dll
Event: 0.067 Loaded shared library C:\Users\SHUBHKANT\.vscode\extensions\redhat.java-1.55.0-win32-x64\jre\21.0.11-win32-x86_64\bin\nio.dll
Event: 0.070 Loaded shared library C:\Users\SHUBHKANT\.vscode\extensions\redhat.java-1.55.0-win32-x64\jre\21.0.11-win32-x86_64\bin\zip.dll
Event: 0.081 Loaded shared library C:\Users\SHUBHKANT\.vscode\extensions\redhat.java-1.55.0-win32-x64\jre\21.0.11-win32-x86_64\bin\jimage.dll
Event: 0.130 Loaded shared library c:\Users\SHUBHKANT\.vscode\extensions\redhat.java-1.55.0-win32-x64\jre\21.0.11-win32-x86_64\bin\verify.dll
Event: 0.969 Loaded shared library C:\Users\SHUBHKANT\AppData\Roaming\Code\User\globalStorage\redhat.java\1.55.0\config_ss_win\org.eclipse.equinox.launcher\org.eclipse.equinox.launcher.win32.win32.x86_64_1.3.100.v20260613-0559\eclipse_11924.dll
Event: 1.502 Loaded shared library C:\Users\SHUBHKANT\AppData\Local\Temp\jna-1320145794\jna16437462385943001155.dll

Deoptimization events (20 events):
Event: 1.583 Thread 0x0000016d98e91050 Uncommon trap: trap_request=0xffffffde fr.pc=0x0000016d48dadb14 relative=0x00000000000003b4
Event: 1.583 Thread 0x0000016d98e91050 Uncommon trap: reason=class_check action=maybe_recompile pc=0x0000016d48dadb14 method=java.util.regex.Pattern$BmpCharPropertyGreedy.match(Ljava/util/regex/Matcher;ILjava/lang/CharSequence;)Z @ 70 c2
Event: 1.583 Thread 0x0000016d98e91050 DEOPT PACKING pc=0x0000016d48dadb14 sp=0x000000497beef320
Event: 1.583 Thread 0x0000016d98e91050 DEOPT UNPACKING pc=0x0000016d485b3aa2 sp=0x000000497beef2c8 mode 2
Event: 1.583 Thread 0x0000016d98e91050 Uncommon trap: trap_request=0xffffffde fr.pc=0x0000016d48dadb14 relative=0x00000000000003b4
Event: 1.583 Thread 0x0000016d98e91050 Uncommon trap: reason=class_check action=maybe_recompile pc=0x0000016d48dadb14 method=java.util.regex.Pattern$BmpCharPropertyGreedy.match(Ljava/util/regex/Matcher;ILjava/lang/CharSequence;)Z @ 70 c2
Event: 1.583 Thread 0x0000016d98e91050 DEOPT PACKING pc=0x0000016d48dadb14 sp=0x000000497beef170
Event: 1.583 Thread 0x0000016d98e91050 DEOPT UNPACKING pc=0x0000016d485b3aa2 sp=0x000000497beef118 mode 2
Event: 1.722 Thread 0x0000016d98e91050 Uncommon trap: trap_request=0xffffff45 fr.pc=0x0000016d48ddce6c relative=0x000000000000014c
Event: 1.722 Thread 0x0000016d98e91050 Uncommon trap: reason=unstable_if action=reinterpret pc=0x0000016d48ddce6c method=org.lombokweb.asm.ByteVector.putByteArray([BII)Lorg/lombokweb/asm/ByteVector; @ 20 c2
Event: 1.722 Thread 0x0000016d98e91050 DEOPT PACKING pc=0x0000016d48ddce6c sp=0x000000497beee830
Event: 1.722 Thread 0x0000016d98e91050 DEOPT UNPACKING pc=0x0000016d485b3aa2 sp=0x000000497beee800 mode 2
Event: 1.722 Thread 0x0000016d98e91050 Uncommon trap: trap_request=0xffffff45 fr.pc=0x0000016d48dda5a4 relative=0x0000000000000364
Event: 1.722 Thread 0x0000016d98e91050 Uncommon trap: reason=unstable_if action=reinterpret pc=0x0000016d48dda5a4 method=org.lombokweb.asm.Label.resolve([BLorg/lombokweb/asm/ByteVector;I)Z @ 81 c2
Event: 1.722 Thread 0x0000016d98e91050 DEOPT PACKING pc=0x0000016d48dda5a4 sp=0x000000497beee8c0
Event: 1.722 Thread 0x0000016d98e91050 DEOPT UNPACKING pc=0x0000016d485b3aa2 sp=0x000000497beee7c8 mode 2
Event: 1.722 Thread 0x0000016d98e91050 Uncommon trap: trap_request=0xffffff45 fr.pc=0x0000016d48dd9dcc relative=0x000000000000022c
Event: 1.722 Thread 0x0000016d98e91050 Uncommon trap: reason=unstable_if action=reinterpret pc=0x0000016d48dd9dcc method=org.lombokweb.asm.Label.resolve([BLorg/lombokweb/asm/ByteVector;I)Z @ 81 c2
Event: 1.722 Thread 0x0000016d98e91050 DEOPT PACKING pc=0x0000016d48dd9dcc sp=0x000000497beee830
Event: 1.722 Thread 0x0000016d98e91050 DEOPT UNPACKING pc=0x0000016d485b3aa2 sp=0x000000497beee7c0 mode 2

Classes loaded (20 events):
Event: 1.585 Loading class java/io/StringReader
Event: 1.585 Loading class java/io/StringReader done
Event: 1.595 Loading class java/util/zip/GZIPInputStream
Event: 1.595 Loading class java/util/zip/GZIPInputStream done
Event: 1.598 Loading class java/net/SocketTimeoutException
Event: 1.598 Loading class java/io/InterruptedIOException
Event: 1.598 Loading class java/io/InterruptedIOException done
Event: 1.598 Loading class java/net/SocketTimeoutException done
Event: 1.598 Loading class java/net/SocketException
Event: 1.598 Loading class java/net/SocketException done
Event: 1.598 Loading class java/net/UnknownHostException
Event: 1.598 Loading class java/net/UnknownHostException done
Event: 1.598 Loading class java/net/ProtocolException
Event: 1.598 Loading class java/net/ProtocolException done
Event: 1.608 Loading class java/lang/ThreadLocal$SuppliedThreadLocal
Event: 1.608 Loading class java/lang/ThreadLocal$SuppliedThreadLocal done
Event: 1.610 Loading class java/io/FileWriter
Event: 1.610 Loading class java/io/FileWriter done
Event: 1.638 Loading class java/lang/NegativeArraySizeException
Event: 1.638 Loading class java/lang/NegativeArraySizeException done

Classes unloaded (0 events):
No events

Classes redefined (0 events):
No events

Internal exceptions (20 events):
Event: 1.513 Thread 0x0000016d98e91050 Exception <a 'java/lang/NoSuchMethodError'{0x00000000d662b938}: 'int java.lang.invoke.Invokers$Holder.invokeExact_MT(java.lang.Object, java.lang.Object, java.lang.Object)'> (0x00000000d662b938) 
thrown [s\src\hotspot\share\interpreter\linkResolver.cpp, line 773]
Event: 1.520 Thread 0x0000016d98e91050 Exception <a 'java/lang/NoSuchMethodError'{0x00000000d66f7f20}: method resolution failed> (0x00000000d66f7f20) 
thrown [s\src\hotspot\share\prims\methodHandles.cpp, line 1136]
Event: 1.525 Thread 0x0000016d98e91050 Exception <a 'java/lang/NoSuchMethodError'{0x00000000d67649f0}: 'void java.lang.invoke.Invokers$Holder.invokeExact_MT(java.lang.Object, java.lang.Object, int, java.lang.Object)'> (0x00000000d67649f0) 
thrown [s\src\hotspot\share\interpreter\linkResolver.cpp, line 773]
Event: 1.536 Thread 0x0000016d98e91050 Exception <a 'java/lang/NoSuchMethodError'{0x00000000d6862018}: 'java.lang.Object java.lang.invoke.DirectMethodHandle$Holder.invokeSpecial(java.lang.Object, java.lang.Object, java.lang.Object, long, java.lang.Object)'> (0x00000000d6862018) 
thrown [s\src\hotspot\share\interpreter\linkResolver.cpp, line 773]
Event: 1.537 Thread 0x0000016d98e91050 Exception <a 'java/lang/NoSuchMethodError'{0x00000000d6869860}: 'java.lang.Object java.lang.invoke.DirectMethodHandle$Holder.newInvokeSpecial(java.lang.Object, java.lang.Object, java.lang.Object, long)'> (0x00000000d6869860) 
thrown [s\src\hotspot\share\interpreter\linkResolver.cpp, line 773]
Event: 1.537 Thread 0x0000016d98e91050 Exception <a 'java/lang/NoSuchMethodError'{0x00000000d686dc10}: 'java.lang.Object java.lang.invoke.DirectMethodHandle$Holder.invokeSpecial(java.lang.Object, java.lang.Object, java.lang.Object, java.lang.Object, long)'> (0x00000000d686dc10) 
thrown [s\src\hotspot\share\interpreter\linkResolver.cpp, line 773]
Event: 1.537 Thread 0x0000016d98e91050 Exception <a 'java/lang/NoSuchMethodError'{0x00000000d6871830}: 'java.lang.Object java.lang.invoke.Invokers$Holder.linkToTargetMethod(java.lang.Object, java.lang.Object, long, java.lang.Object)'> (0x00000000d6871830) 
thrown [s\src\hotspot\share\interpreter\linkResolver.cpp, line 773]
Event: 1.541 Thread 0x0000016d98e91050 Exception <a 'java/lang/NoSuchMethodError'{0x00000000d68df3d0}: 'int java.lang.invoke.DirectMethodHandle$Holder.invokeStaticInit(java.lang.Object, java.lang.Object, java.lang.Object)'> (0x00000000d68df3d0) 
thrown [s\src\hotspot\share\interpreter\linkResolver.cpp, line 773]
Event: 1.546 Thread 0x0000016d98e91050 Exception <a 'java/lang/IncompatibleClassChangeError'{0x00000000d696c2d8}: Found class java.lang.Object, but interface was expected> (0x00000000d696c2d8) 
thrown [s\src\hotspot\share\interpreter\linkResolver.cpp, line 840]
Event: 1.548 Thread 0x0000016d98e91050 Exception <a 'java/lang/NoSuchMethodError'{0x00000000d697f1e0}: 'java.lang.Object java.lang.invoke.DirectMethodHandle$Holder.invokeSpecial(java.lang.Object, java.lang.Object, java.lang.Object, int, java.lang.Object, java.lang.Object)'> (0x00000000d697f1e0) 
thrown [s\src\hotspot\share\interpreter\linkResolver.cpp, line 773]
Event: 1.549 Thread 0x0000016d98e91050 Exception <a 'java/lang/NoSuchMethodError'{0x00000000d6986cb8}: 'java.lang.Object java.lang.invoke.DirectMethodHandle$Holder.newInvokeSpecial(java.lang.Object, java.lang.Object, java.lang.Object, int, java.lang.Object)'> (0x00000000d6986cb8) 
thrown [s\src\hotspot\share\interpreter\linkResolver.cpp, line 773]
Event: 1.549 Thread 0x0000016d98e91050 Exception <a 'java/lang/NoSuchMethodError'{0x00000000d698ac38}: 'java.lang.Object java.lang.invoke.DirectMethodHandle$Holder.invokeSpecial(java.lang.Object, java.lang.Object, java.lang.Object, java.lang.Object, int, java.lang.Object)'> (0x00000000d698ac38) 
thrown [s\src\hotspot\share\interpreter\linkResolver.cpp, line 773]
Event: 1.549 Thread 0x0000016d98e91050 Exception <a 'java/lang/NoSuchMethodError'{0x00000000d698e778}: 'java.lang.Object java.lang.invoke.Invokers$Holder.linkToTargetMethod(java.lang.Object, java.lang.Object, int, java.lang.Object, java.lang.Object)'> (0x00000000d698e778) 
thrown [s\src\hotspot\share\interpreter\linkResolver.cpp, line 773]
Event: 1.549 Thread 0x0000016d98e916e0 Exception <a 'java/lang/NoSuchMethodError'{0x00000000d68b9f58}: 'java.lang.Object java.lang.invoke.DirectMethodHandle$Holder.invokeSpecial(java.lang.Object, java.lang.Object, int, java.lang.Object, java.lang.Object)'> (0x00000000d68b9f58) 
thrown [s\src\hotspot\share\interpreter\linkResolver.cpp, line 773]
Event: 1.550 Thread 0x0000016d98e916e0 Exception <a 'java/lang/NoSuchMethodError'{0x00000000d68c0c90}: 'java.lang.Object java.lang.invoke.DirectMethodHandle$Holder.newInvokeSpecial(java.lang.Object, java.lang.Object, int, java.lang.Object)'> (0x00000000d68c0c90) 
thrown [s\src\hotspot\share\interpreter\linkResolver.cpp, line 773]
Event: 1.550 Thread 0x0000016d98e916e0 Exception <a 'java/lang/NoSuchMethodError'{0x00000000d68c4570}: 'java.lang.Object java.lang.invoke.DirectMethodHandle$Holder.invokeSpecial(java.lang.Object, java.lang.Object, java.lang.Object, int, java.lang.Object)'> (0x00000000d68c4570) 
thrown [s\src\hotspot\share\interpreter\linkResolver.cpp, line 773]
Event: 1.560 Thread 0x0000016d98e91050 Exception <a 'java/lang/NoSuchMethodError'{0x00000000d6aa7de0}: 'void java.lang.invoke.DirectMethodHandle$Holder.invokeSpecial(java.lang.Object, java.lang.Object, java.lang.Object, java.lang.Object, java.lang.Object)'> (0x00000000d6aa7de0) 
thrown [s\src\hotspot\share\interpreter\linkResolver.cpp, line 773]
Event: 1.575 Thread 0x0000016d98e91050 Exception <a 'java/lang/NoSuchMethodError'{0x00000000d6cddcf0}: 'double java.lang.invoke.DirectMethodHandle$Holder.invokeStatic(java.lang.Object, java.lang.Object)'> (0x00000000d6cddcf0) 
thrown [s\src\hotspot\share\interpreter\linkResolver.cpp, line 773]
Event: 1.575 Thread 0x0000016d98e91050 Exception <a 'java/lang/NoSuchMethodError'{0x00000000d6ce13b0}: 'double java.lang.invoke.DirectMethodHandle$Holder.invokeStaticInit(java.lang.Object, java.lang.Object)'> (0x00000000d6ce13b0) 
thrown [s\src\hotspot\share\interpreter\linkResolver.cpp, line 773]
Event: 1.722 Thread 0x0000016d98e91050 Implicit null exception at 0x0000016d48ddcd75 to 0x0000016d48ddce50

ZGC Phase Switch (0 events):
No events

VM Operations (20 events):
Event: 1.052 Executing non-safepoint VM operation: HandshakeAllThreads (Deoptimize)
Event: 1.052 Executing non-safepoint VM operation: HandshakeAllThreads (Deoptimize) done
Event: 1.197 Executing non-safepoint VM operation: HandshakeAllThreads (Deoptimize)
Event: 1.197 Executing non-safepoint VM operation: HandshakeAllThreads (Deoptimize) done
Event: 1.235 Executing safepoint VM operation: ParallelGCFailedAllocation (Allocation Failure)
Event: 1.238 Executing safepoint VM operation: ParallelGCFailedAllocation (Allocation Failure) done
Event: 1.306 Executing non-safepoint VM operation: HandshakeAllThreads (Deoptimize)
Event: 1.306 Executing non-safepoint VM operation: HandshakeAllThreads (Deoptimize) done
Event: 1.309 Executing non-safepoint VM operation: HandshakeAllThreads (Deoptimize)
Event: 1.309 Executing non-safepoint VM operation: HandshakeAllThreads (Deoptimize) done
Event: 1.317 Executing non-safepoint VM operation: HandshakeAllThreads (Deoptimize)
Event: 1.317 Executing non-safepoint VM operation: HandshakeAllThreads (Deoptimize) done
Event: 1.412 Executing non-safepoint VM operation: HandshakeAllThreads (Deoptimize)
Event: 1.412 Executing non-safepoint VM operation: HandshakeAllThreads (Deoptimize) done
Event: 1.507 Executing non-safepoint VM operation: HandshakeAllThreads (Deoptimize)
Event: 1.507 Executing non-safepoint VM operation: HandshakeAllThreads (Deoptimize) done
Event: 1.586 Executing safepoint VM operation: ParallelGCFailedAllocation (Allocation Failure)
Event: 1.590 Executing safepoint VM operation: ParallelGCFailedAllocation (Allocation Failure) done
Event: 1.705 Executing safepoint VM operation: ParallelGCFailedAllocation (Allocation Failure)
Event: 1.706 Executing safepoint VM operation: ParallelGCFailedAllocation (Allocation Failure) done

Memory protections (0 events):
No events

Nmethod flushes (0 events):
No events

Events (20 events):
Event: 0.086 Thread 0x0000016d96f3f870 Thread added: 0x0000016d9718c890
Event: 0.086 Thread 0x0000016d96f3f870 Thread added: 0x0000016d9718cf40
Event: 0.190 Thread 0x0000016d3df0be10 Thread added: 0x0000016d97105060
Event: 0.246 Thread 0x0000016d96f3f870 Thread added: 0x0000016d98868420
Event: 0.293 Thread 0x0000016d3dfcb4b0 Thread added: 0x0000016d98b7cfc0
Event: 0.293 Thread 0x0000016d3dfcb4b0 Thread added: 0x0000016d98e6d620
Event: 0.767 Thread 0x0000016d3df0be10 Thread added: 0x0000016d971049d0
Event: 0.962 Thread 0x0000016d3df0be10 Thread added: 0x0000016d971056f0
Event: 0.965 Thread 0x0000016d3df0be10 Thread added: 0x0000016d98e91050
Event: 0.986 Thread 0x0000016d98e91050 Thread added: 0x0000016d98e8fca0
Event: 1.215 Thread 0x0000016d98e91050 Thread added: 0x0000016d98e8dbd0
Event: 1.505 Thread 0x0000016d98e6d620 Thread exited: 0x0000016d98e6d620
Event: 1.505 Thread 0x0000016d98b7cfc0 Thread exited: 0x0000016d98b7cfc0
Event: 1.508 Thread 0x0000016d98868420 Thread exited: 0x0000016d98868420
Event: 1.508 Thread 0x0000016d97081700 Thread exited: 0x0000016d97081700
Event: 1.514 Thread 0x0000016d9718c890 Thread added: 0x0000016d98868420
Event: 1.516 Thread 0x0000016d98e91050 Thread added: 0x0000016d98e8e260
Event: 1.538 Thread 0x0000016d98e91050 Thread added: 0x0000016d98e916e0
Event: 1.550 Thread 0x0000016d98e91050 Thread added: 0x0000016d98e91d70
Event: 1.624 Thread 0x0000016d96f3f870 Thread added: 0x0000016d9de0d070


Dynamic libraries:
0x00007ff7e98a0000 - 0x00007ff7e98ae000 	c:\Users\SHUBHKANT\.vscode\extensions\redhat.java-1.55.0-win32-x64\jre\21.0.11-win32-x86_64\bin\java.exe
0x00007ffc01040000 - 0x00007ffc012a6000 	C:\WINDOWS\SYSTEM32\ntdll.dll
0x00007ffc000a0000 - 0x00007ffc00169000 	C:\WINDOWS\System32\KERNEL32.DLL
0x00007ffbfe7f0000 - 0x00007ffbfebf0000 	C:\WINDOWS\System32\KERNELBASE.dll
0x00007ffbfe420000 - 0x00007ffbfe56c000 	C:\WINDOWS\System32\ucrtbase.dll
0x00007ffbf5220000 - 0x00007ffbf5238000 	c:\Users\SHUBHKANT\.vscode\extensions\redhat.java-1.55.0-win32-x64\jre\21.0.11-win32-x86_64\bin\jli.dll
0x00007ffbef390000 - 0x00007ffbef3ae000 	c:\Users\SHUBHKANT\.vscode\extensions\redhat.java-1.55.0-win32-x64\jre\21.0.11-win32-x86_64\bin\VCRUNTIME140.dll
0x00007ffbffcf0000 - 0x00007ffbffeb7000 	C:\WINDOWS\System32\USER32.dll
0x00007ffbfe580000 - 0x00007ffbfe5a7000 	C:\WINDOWS\System32\win32u.dll
0x00007ffbd7910000 - 0x00007ffbd7ba2000 	C:\WINDOWS\WinSxS\amd64_microsoft.windows.common-controls_6595b64144ccf1df_6.0.26100.8737_none_3e092eaee333b772\COMCTL32.dll
0x00007ffc00f20000 - 0x00007ffc00f4b000 	C:\WINDOWS\System32\GDI32.dll
0x00007ffc00270000 - 0x00007ffc00319000 	C:\WINDOWS\System32\msvcrt.dll
0x00007ffbfe2f0000 - 0x00007ffbfe419000 	C:\WINDOWS\System32\gdi32full.dll
0x00007ffbfecc0000 - 0x00007ffbfed63000 	C:\WINDOWS\System32\msvcp_win.dll
0x00007ffc00cb0000 - 0x00007ffc00ce2000 	C:\WINDOWS\System32\IMM32.DLL
0x00007ffbfaa30000 - 0x00007ffbfaa3c000 	c:\Users\SHUBHKANT\.vscode\extensions\redhat.java-1.55.0-win32-x64\jre\21.0.11-win32-x86_64\bin\vcruntime140_1.dll
0x00007ffbc9630000 - 0x00007ffbc96bd000 	c:\Users\SHUBHKANT\.vscode\extensions\redhat.java-1.55.0-win32-x64\jre\21.0.11-win32-x86_64\bin\msvcp140.dll
0x00007ffb0ca20000 - 0x00007ffb0d7c2000 	c:\Users\SHUBHKANT\.vscode\extensions\redhat.java-1.55.0-win32-x64\jre\21.0.11-win32-x86_64\bin\server\jvm.dll
0x00007ffbfed70000 - 0x00007ffbfee27000 	C:\WINDOWS\System32\ADVAPI32.dll
0x00007ffc00f50000 - 0x00007ffc00ffa000 	C:\WINDOWS\System32\sechost.dll
0x00007ffbffbd0000 - 0x00007ffbffce8000 	C:\WINDOWS\System32\RPCRT4.dll
0x00007ffbff320000 - 0x00007ffbff3a0000 	C:\WINDOWS\System32\WS2_32.dll
0x00007ffbfe0e0000 - 0x00007ffbfe13e000 	C:\WINDOWS\SYSTEM32\POWRPROF.dll
0x00007ffbecda0000 - 0x00007ffbecdab000 	C:\WINDOWS\SYSTEM32\VERSION.dll
0x00007ffbea310000 - 0x00007ffbea346000 	C:\WINDOWS\SYSTEM32\WINMM.dll
0x00007ffbfe0c0000 - 0x00007ffbfe0d4000 	C:\WINDOWS\SYSTEM32\UMPDC.dll
0x00007ffbfcf10000 - 0x00007ffbfcf2b000 	C:\WINDOWS\SYSTEM32\kernel.appcore.dll
0x00007ffbf67e0000 - 0x00007ffbf67ea000 	c:\Users\SHUBHKANT\.vscode\extensions\redhat.java-1.55.0-win32-x64\jre\21.0.11-win32-x86_64\bin\jimage.dll
0x00007ffbfba40000 - 0x00007ffbfbc82000 	C:\WINDOWS\SYSTEM32\DBGHELP.DLL
0x00007ffbfee30000 - 0x00007ffbff1b3000 	C:\WINDOWS\System32\combase.dll
0x00007ffbffec0000 - 0x00007ffbfff99000 	C:\WINDOWS\System32\OLEAUT32.dll
0x00007ffbdd280000 - 0x00007ffbdd2bb000 	C:\WINDOWS\SYSTEM32\dbgcore.DLL
0x00007ffbfec00000 - 0x00007ffbfecac000 	C:\WINDOWS\System32\bcryptPrimitives.dll
0x00007ffbf53f0000 - 0x00007ffbf53ff000 	c:\Users\SHUBHKANT\.vscode\extensions\redhat.java-1.55.0-win32-x64\jre\21.0.11-win32-x86_64\bin\instrument.dll
0x00007ffbeedb0000 - 0x00007ffbeedd0000 	c:\Users\SHUBHKANT\.vscode\extensions\redhat.java-1.55.0-win32-x64\jre\21.0.11-win32-x86_64\bin\java.dll
0x00007ffc00330000 - 0x00007ffc00ac2000 	C:\WINDOWS\System32\SHELL32.dll
0x00007ffbfbcc0000 - 0x00007ffbfc552000 	C:\WINDOWS\SYSTEM32\windows.storage.dll
0x00007ffc00170000 - 0x00007ffc00267000 	C:\WINDOWS\System32\SHCORE.dll
0x00007ffbfffa0000 - 0x00007ffc00007000 	C:\WINDOWS\System32\shlwapi.dll
0x00007ffbfe180000 - 0x00007ffbfe1a9000 	C:\WINDOWS\SYSTEM32\profapi.dll
0x00007ffbee120000 - 0x00007ffbee138000 	c:\Users\SHUBHKANT\.vscode\extensions\redhat.java-1.55.0-win32-x64\jre\21.0.11-win32-x86_64\bin\zip.dll
0x00007ffbf4790000 - 0x00007ffbf47a0000 	C:\Users\SHUBHKANT\.vscode\extensions\redhat.java-1.55.0-win32-x64\jre\21.0.11-win32-x86_64\bin\net.dll
0x00007ffbf6de0000 - 0x00007ffbf6f09000 	C:\WINDOWS\SYSTEM32\WINHTTP.dll
0x00007ffbfd4f0000 - 0x00007ffbfd55c000 	C:\WINDOWS\system32\mswsock.dll
0x00007ffbee100000 - 0x00007ffbee116000 	C:\Users\SHUBHKANT\.vscode\extensions\redhat.java-1.55.0-win32-x64\jre\21.0.11-win32-x86_64\bin\nio.dll
0x00007ffbf33f0000 - 0x00007ffbf3400000 	c:\Users\SHUBHKANT\.vscode\extensions\redhat.java-1.55.0-win32-x64\jre\21.0.11-win32-x86_64\bin\verify.dll
0x00007ffbae880000 - 0x00007ffbae8c5000 	C:\Users\SHUBHKANT\AppData\Roaming\Code\User\globalStorage\redhat.java\1.55.0\config_ss_win\org.eclipse.equinox.launcher\org.eclipse.equinox.launcher.win32.win32.x86_64_1.3.100.v20260613-0559\eclipse_11924.dll
0x00007ffc00d80000 - 0x00007ffc00f19000 	C:\WINDOWS\System32\ole32.dll
0x00007ffbfd810000 - 0x00007ffbfd82b000 	C:\WINDOWS\SYSTEM32\CRYPTSP.dll
0x00007ffbfce70000 - 0x00007ffbfcea9000 	C:\WINDOWS\system32\rsaenh.dll
0x00007ffbfd5b0000 - 0x00007ffbfd5e2000 	C:\WINDOWS\SYSTEM32\USERENV.dll
0x00007ffbfe150000 - 0x00007ffbfe17a000 	C:\WINDOWS\SYSTEM32\bcrypt.dll
0x00007ffbfd7f0000 - 0x00007ffbfd7fc000 	C:\WINDOWS\SYSTEM32\CRYPTBASE.dll
0x00007ffbfc8b0000 - 0x00007ffbfc8e3000 	C:\WINDOWS\SYSTEM32\IPHLPAPI.DLL
0x00007ffc00070000 - 0x00007ffc0007a000 	C:\WINDOWS\System32\NSI.dll
0x00007ffba3760000 - 0x00007ffba37a9000 	C:\Users\SHUBHKANT\AppData\Local\Temp\jna-1320145794\jna16437462385943001155.dll
0x00007ffc00320000 - 0x00007ffc00328000 	C:\WINDOWS\System32\PSAPI.DLL

JVMTI agents:
c:\Users\SHUBHKANT\.vscode\extensions\redhat.java-1.55.0-win32-x64\lombok\lombok-1.18.39-4050.jar path:c:\Users\SHUBHKANT\.vscode\extensions\redhat.java-1.55.0-win32-x64\jre\21.0.11-win32-x86_64\bin\instrument.dll, loaded, initialized, instrumentlib options:none

dbghelp: loaded successfully - version: 4.0.5 - missing functions: none
symbol engine: initialized successfully - sym options: 0x614 - pdb path: .;c:\Users\SHUBHKANT\.vscode\extensions\redhat.java-1.55.0-win32-x64\jre\21.0.11-win32-x86_64\bin;C:\WINDOWS\SYSTEM32;C:\WINDOWS\WinSxS\amd64_microsoft.windows.common-controls_6595b64144ccf1df_6.0.26100.8737_none_3e092eaee333b772;c:\Users\SHUBHKANT\.vscode\extensions\redhat.java-1.55.0-win32-x64\jre\21.0.11-win32-x86_64\bin\server;C:\Users\SHUBHKANT\AppData\Roaming\Code\User\globalStorage\redhat.java\1.55.0\config_ss_win\org.eclipse.equinox.launcher\org.eclipse.equinox.launcher.win32.win32.x86_64_1.3.100.v20260613-0559;C:\Users\SHUBHKANT\AppData\Local\Temp\jna-1320145794

VM Arguments:
jvm_args: --add-modules=ALL-SYSTEM --add-opens=java.base/java.util=ALL-UNNAMED --add-opens=java.base/java.lang=ALL-UNNAMED --add-opens=java.base/sun.nio.fs=ALL-UNNAMED -Declipse.application=org.eclipse.jdt.ls.core.id1 -Dosgi.bundles.defaultStartLevel=4 -Declipse.product=org.eclipse.jdt.ls.core.product -Djava.import.generatesMetadataFilesAtProjectRoot=false -DDetectVMInstallationsJob.disabled=true -Dfile.encoding=utf8 -XX:+UseParallelGC -XX:GCTimeRatio=4 -XX:AdaptiveSizePolicyWeight=90 -Dsun.zip.disableMemoryMapping=true -Xmx2G -Xms100m -Xlog:disable -javaagent:c:\Users\SHUBHKANT\.vscode\extensions\redhat.java-1.55.0-win32-x64\lombok\lombok-1.18.39-4050.jar 
java_command: c:\Users\SHUBHKANT\.vscode\extensions\redhat.java-1.55.0-win32-x64\server\plugins\org.eclipse.equinox.launcher_1.7.200.v20260619-2039.jar -configuration c:\Users\SHUBHKANT\AppData\Roaming\Code\User\globalStorage\redhat.java\1.55.0\config_ss_win -data c:\Users\SHUBHKANT\AppData\Roaming\Code\User\workspaceStorage\6c36482d2d0bd126daf0ec7bb4cc7ee6\redhat.java\ss_ws --pipe=\\.\pipe\lsp-799b007abea4a7fc6251d7ff82bd951c-sock
java_class_path (initial): c:\Users\SHUBHKANT\.vscode\extensions\redhat.java-1.55.0-win32-x64\server\plugins\org.eclipse.equinox.launcher_1.7.200.v20260619-2039.jar
Launcher Type: SUN_STANDARD

[Global flags]
    uintx AdaptiveSizePolicyWeight                 = 90                                        {product} {command line}
     intx CICompilerCount                          = 12                                        {product} {ergonomic}
    uintx GCTimeRatio                              = 4                                         {product} {command line}
   size_t InitialHeapSize                          = 104857600                                 {product} {command line}
   size_t MaxHeapSize                              = 2147483648                                {product} {command line}
   size_t MaxNewSize                               = 715653120                                 {product} {ergonomic}
   size_t MinHeapDeltaBytes                        = 524288                                    {product} {ergonomic}
   size_t MinHeapSize                              = 104857600                                 {product} {command line}
   size_t NewSize                                  = 34603008                                  {product} {ergonomic}
    uintx NonNMethodCodeHeapSize                   = 7602480                                {pd product} {ergonomic}
    uintx NonProfiledCodeHeapSize                  = 122027880                              {pd product} {ergonomic}
   size_t OldSize                                  = 70254592                                  {product} {ergonomic}
    uintx ProfiledCodeHeapSize                     = 122027880                              {pd product} {ergonomic}
    uintx ReservedCodeCacheSize                    = 251658240                              {pd product} {ergonomic}
     bool SegmentedCodeCache                       = true                                      {product} {ergonomic}
   size_t SoftMaxHeapSize                          = 2147483648                             {manageable} {ergonomic}
     bool UseCompressedOops                        = true                           {product lp64_product} {ergonomic}
     bool UseLargePagesIndividualAllocation        = false                                  {pd product} {ergonomic}
     bool UseParallelGC                            = true                                      {product} {command line}

Logging:
Log output configuration:
 #0: stdout all=off uptime,level,tags foldmultilines=false
 #1: stderr all=off uptime,level,tags foldmultilines=false

Release file:
JAVA_VERSION="21.0.11" 
MODULES="java.base java.compiler java.datatransfer java.xml java.prefs java.desktop java.instrument java.logging java.management java.security.sasl java.naming java.rmi java.management.rmi java.net.http java.scripting java.security.jgss java.transaction.xa java.sql java.sql.rowset java.xml.crypto java.se java.smartcardio jdk.accessibility jdk.internal.jvmstat jdk.attach jdk.charsets jdk.internal.opt jdk.zipfs jdk.compiler jdk.crypto.ec jdk.crypto.cryptoki jdk.crypto.mscapi jdk.dynalink jdk.internal.ed jdk.editpad jdk.hotspot.agent jdk.httpserver jdk.internal.le jdk.internal.vm.ci jdk.internal.vm.compiler jdk.internal.vm.compiler.management jdk.jartool jdk.javadoc jdk.jcmd jdk.management jdk.management.agent jdk.jconsole jdk.jdeps jdk.jdwp.agent jdk.jdi jdk.jfr jdk.jshell jdk.jsobject jdk.jstatd jdk.localedata jdk.management.jfr jdk.naming.dns jdk.naming.rmi jdk.net jdk.nio.mapmode jdk.random jdk.sctp jdk.security.auth jdk.security.jgss jdk.unsupported jdk.unsupported.desktop jdk.xml.dom" 

Environment Variables:
JAVA_HOME=C:\Program Files\Java\jdk-25
PATH=C:\Program Files\Python314\Scripts\;C:\Program Files\Python314\;C:\Program Files\Common Files\Oracle\Java\javapath;C:\Windows\system32;C:\Windows;C:\Windows\System32\Wbem;C:\Windows\System32\WindowsPowerShell\v1.0\;C:\Windows\System32\OpenSSH\;C:\Program Files (x86)\NVIDIA Corporation\PhysX\Common;C:\Program Files\Java\jdk-17\bin;C:\WINDOWS\system32;C:\WINDOWS;C:\WINDOWS\System32\Wbem;C:\WINDOWS\System32\WindowsPowerShell\v1.0\;C:\WINDOWS\System32\OpenSSH\;C:\Program Files\Java\jdk-25\bin;C:\Program Files\Git\cmd;C:\Program Files\Java\jdk-25\bin;C:\Program Files\MySQL\MySQL Shell 8.0\bin\;C:\Users\SHUBHKANT\AppData\Local\Microsoft\WindowsApps;C:\Users\SHUBHKANT\AppData\Local\JetBrains\IntelliJ IDEA 2024.3.5\bin;;C:\Users\SHUBHKANT\AppData\Local\Programs\Microsoft VS Code\bin
USERNAME=SHUBHKANT
OS=Windows_NT
PROCESSOR_IDENTIFIER=AMD64 Family 25 Model 68 Stepping 1, AuthenticAMD
TMP=C:\Users\SHUBHK~1\AppData\Local\Temp
TEMP=C:\Users\SHUBHK~1\AppData\Local\Temp




Periodic native trim disabled

---------------  S Y S T E M  ---------------

OS:
 Windows 11 , 64 bit Build 26100 (10.0.26100.8737)
OS uptime: 2 days 19:58 hours
Hyper-V role detected

CPU: total 16 (initial active 16) (16 cores per cpu, 2 threads per core) family 25 model 68 stepping 1 microcode 0xa404105, cx8, cmov, fxsr, ht, mmx, 3dnowpref, sse, sse2, sse3, ssse3, sse4a, sse4.1, sse4.2, popcnt, lzcnt, tsc, tscinvbit, avx, avx2, aes, erms, clmul, bmi1, bmi2, adx, sha, fma, vzeroupper, clflush, clflushopt, hv, rdtscp, rdpid, fsrm, f16c, cet_ss
Processor Information for processor 0
  Max Mhz: 3201, Current Mhz: 2566, Mhz Limit: 3201
Processor Information for processor 1
  Max Mhz: 3201, Current Mhz: 2566, Mhz Limit: 3201
Processor Information for processor 2
  Max Mhz: 3201, Current Mhz: 3201, Mhz Limit: 3201
Processor Information for processor 3
  Max Mhz: 3201, Current Mhz: 2566, Mhz Limit: 3201
Processor Information for processor 4
  Max Mhz: 3201, Current Mhz: 3201, Mhz Limit: 3201
Processor Information for processor 5
  Max Mhz: 3201, Current Mhz: 2566, Mhz Limit: 3201
Processor Information for processor 6
  Max Mhz: 3201, Current Mhz: 3201, Mhz Limit: 3201
Processor Information for processor 7
  Max Mhz: 3201, Current Mhz: 2566, Mhz Limit: 3201
Processor Information for processor 8
  Max Mhz: 3201, Current Mhz: 2566, Mhz Limit: 3201
Processor Information for processor 9
  Max Mhz: 3201, Current Mhz: 3201, Mhz Limit: 3201
Processor Information for processor 10
  Max Mhz: 3201, Current Mhz: 3201, Mhz Limit: 3201
Processor Information for processor 11
  Max Mhz: 3201, Current Mhz: 2566, Mhz Limit: 3201
Processor Information for processor 12
  Max Mhz: 3201, Current Mhz: 2566, Mhz Limit: 3201
Processor Information for processor 13
  Max Mhz: 3201, Current Mhz: 3201, Mhz Limit: 3201
Processor Information for processor 14
  Max Mhz: 3201, Current Mhz: 3201, Mhz Limit: 3201
Processor Information for processor 15
  Max Mhz: 3201, Current Mhz: 2566, Mhz Limit: 3201

Memory: 4k page, system-wide physical 15557M (3629M free)
TotalPageFile size 21404M (AvailPageFile size 2M)
current process WorkingSet (physical memory assigned to process): 150M, peak: 154M
current process commit charge ("private bytes"): 305M, peak: 309M

vm_info: OpenJDK 64-Bit Server VM (21.0.11+10-LTS) for windows-amd64 JRE (21.0.11+10-LTS), built on 2026-04-21T00:00:00Z by "admin" with MS VC++ 17.12 (VS2022)

END.
